<?xml version="1.0" encoding="UTF-8"?>
<testng-results skipped="0" failed="0" ignored="0" total="1" passed="1">
  <reporter-output>
  </reporter-output>
  <suite name="Surefire suite" duration-ms="18110" started-at="2020-01-24T18:06:58Z" finished-at="2020-01-24T18:07:16Z">
    <groups>
      <group name="cucumber">
        <method signature="AbstractTestNGCucumberTests.runScenario(io.cucumber.testng.PickleEventWrapper, io.cucumber.testng.CucumberFeatureWrapper)[pri:0, instance:TestRunner@5056dfcb]" name="runScenario" class="io.cucumber.testng.AbstractTestNGCucumberTests"/>
      </group> <!-- cucumber -->
    </groups>
    <test name="Surefire test" duration-ms="18110" started-at="2020-01-24T18:06:58Z" finished-at="2020-01-24T18:07:16Z">
      <class name="TestRunner">
        <test-method status="PASS" signature="setUpClass()[pri:0, instance:TestRunner@5056dfcb]" name="setUpClass" is-config="true" duration-ms="109" started-at="2020-01-24T18:06:58Z" finished-at="2020-01-24T18:06:58Z">
          <reporter-output>
          </reporter-output>
        </test-method> <!-- setUpClass -->
        <test-method status="PASS" signature="runScenario(io.cucumber.testng.PickleEventWrapper, io.cucumber.testng.CucumberFeatureWrapper)[pri:0, instance:TestRunner@5056dfcb]" name="runScenario" duration-ms="17923" started-at="2020-01-24T18:06:58Z" description="Runs Cucumber Scenarios" data-provider="scenarios" finished-at="2020-01-24T18:07:16Z">
          <params>
            <param index="0">
              <value>
                <![CDATA["User can navigate to the login page"]]>
              </value>
            </param>
            <param index="1">
              <value>
                <![CDATA["Registration"]]>
              </value>
            </param>
          </params>
          <reporter-output>
          </reporter-output>
        </test-method> <!-- runScenario -->
        <test-method status="PASS" signature="tearDownClass()[pri:0, instance:TestRunner@5056dfcb]" name="tearDownClass" is-config="true" duration-ms="48" started-at="2020-01-24T18:07:16Z" finished-at="2020-01-24T18:07:16Z">
          <reporter-output>
          </reporter-output>
        </test-method> <!-- tearDownClass -->
      </class> <!-- TestRunner -->
    </test> <!-- Surefire test -->
  </suite> <!-- Surefire suite -->
</testng-results>
