<?xml version="1.0" encoding="UTF-8"?>
<testsuite xmlns:xsi="http://www.w3.org/2001/XMLSchema-instance" xsi:noNamespaceSchemaLocation="https://maven.apache.org/surefire/maven-surefire-plugin/xsd/surefire-test-report.xsd" name="RunCucumberTest" time="49.383" tests="7" errors="0" skipped="0" failures="7">
  <properties>
[...]
</properties>
  <testcase name="runScenario" classname="RunCucumberTest" time="18.045">
    <failure message="Unable to create a new remote session. Please check the server log for more details. Original error: An unknown server-side error occurred while processing the command. Original error: The instrumentation process cannot be initialized. Make sure the application under test does not crash and investigate the logcat output.&#10;Build info: version: &apos;3.141.59&apos;, revision: &apos;e82be7d358&apos;, time: &apos;2018-11-14T08:17:03&apos;&#10;System info: host: &apos;COV-JQORRI-MBP.fios-router.home&apos;, ip: &apos;192.168.1.151&apos;, os.name: &apos;Mac OS X&apos;, os.arch: &apos;x86_64&apos;, os.version: &apos;10.14.6&apos;, java.version: &apos;1.8.0_221&apos;&#10;Driver info: driver.version: AndroidDriver&#10;remote stacktrace: UnknownError: An unknown server-side error occurred while processing the command. Original error: The instrumentation process cannot be initialized. Make sure the application under test does not crash and investigate the logcat output.&#10;    at getResponseForW3CError (/usr/local/lib/node_modules/appium/node_modules/appium-base-driver/lib/protocol/errors.js:804:9)&#10;    at asyncHandler (/usr/local/lib/node_modules/appium/node_modules/appium-base-driver/lib/protocol/protocol.js:388:37)&#10;Build info: version: &apos;3.141.59&apos;, revision: &apos;e82be7d358&apos;, time: &apos;2018-11-14T08:17:03&apos;&#10;System info: host: &apos;COV-JQORRI-MBP.fios-router.home&apos;, ip: &apos;192.168.1.151&apos;, os.name: &apos;Mac OS X&apos;, os.arch: &apos;x86_64&apos;, os.version: &apos;10.14.6&apos;, java.version: &apos;1.8.0_221&apos;&#10;Driver info: driver.version: AndroidDriver" type="org.openqa.selenium.SessionNotCreatedException">org.openqa.selenium.SessionNotCreatedException: 
Unable to create a new remote session. Please check the server log for more details. Original error: An unknown server-side error occurred while processing the command. Original error: The instrumentation process cannot be initialized. Make sure the application under test does not crash and investigate the logcat output.
Build info: version: '3.141.59', revision: 'e82be7d358', time: '2018-11-14T08:17:03'
System info: host: 'COV-JQORRI-MBP.fios-router.home', ip: '192.168.1.151', os.name: 'Mac OS X', os.arch: 'x86_64', os.version: '10.14.6', java.version: '1.8.0_221'
Driver info: driver.version: AndroidDriver
remote stacktrace: UnknownError: An unknown server-side error occurred while processing the command. Original error: The instrumentation process cannot be initialized. Make sure the application under test does not crash and investigate the logcat output.
    at getResponseForW3CError (/usr/local/lib/node_modules/appium/node_modules/appium-base-driver/lib/protocol/errors.js:804:9)
    at asyncHandler (/usr/local/lib/node_modules/appium/node_modules/appium-base-driver/lib/protocol/protocol.js:388:37)
Build info: version: '3.141.59', revision: 'e82be7d358', time: '2018-11-14T08:17:03'
System info: host: 'COV-JQORRI-MBP.fios-router.home', ip: '192.168.1.151', os.name: 'Mac OS X', os.arch: 'x86_64', os.version: '10.14.6', java.version: '1.8.0_221'
Driver info: driver.version: AndroidDriver
Caused by: java.lang.reflect.InvocationTargetException
Caused by: org.openqa.selenium.WebDriverException: 
An unknown server-side error occurred while processing the command. Original error: The instrumentation process cannot be initialized. Make sure the application under test does not crash and investigate the logcat output.
Build info: version: '3.141.59', revision: 'e82be7d358', time: '2018-11-14T08:17:03'
System info: host: 'COV-JQORRI-MBP.fios-router.home', ip: '192.168.1.151', os.name: 'Mac OS X', os.arch: 'x86_64', os.version: '10.14.6', java.version: '1.8.0_221'
Driver info: driver.version: AndroidDriver
remote stacktrace: UnknownError: An unknown server-side error occurred while processing the command. Original error: The instrumentation process cannot be initialized. Make sure the application under test does not crash and investigate the logcat output.
    at getResponseForW3CError (/usr/local/lib/node_modules/appium/node_modules/appium-base-driver/lib/protocol/errors.js:804:9)
    at asyncHandler (/usr/local/lib/node_modules/appium/node_modules/appium-base-driver/lib/protocol/protocol.js:388:37)
</failure>
    <system-out><![CDATA[&amp#27;[35m[Appium]&amp#27;[39m Welcome to Appium v1.15.1
&amp#27;[35m[Appium]&amp#27;[39m Welcome to Appium v1.15.1
&amp#27;[35m[Appium]&amp#27;[39m Non-default server args:
&amp#27;[35m[Appium]&amp#27;[39m   port: 3341
&amp#27;[35m[Appium]&amp#27;[39m Welcome to Appium v1.15.1
&amp#27;[35m[Appium]&amp#27;[39m Welcome to Appium v1.15.1
&amp#27;[35m[Appium]&amp#27;[39m Non-default server args:
&amp#27;[35m[Appium]&amp#27;[39m   port: 18860
&amp#27;[35m[Appium]&amp#27;[39m Non-default server args:
&amp#27;[35m[Appium]&amp#27;[39m   port: 28661
&amp#27;[35m[Appium]&amp#27;[39m Welcome to Appium v1.15.1
&amp#27;[35m[Appium]&amp#27;[39m Non-default server args:
&amp#27;[35m[Appium]&amp#27;[39m Non-default server args:
&amp#27;[35m[Appium]&amp#27;[39m   port: 34237
&amp#27;[35m[Appium]&amp#27;[39m Welcome to Appium v1.15.1
&amp#27;[35m[Appium]&amp#27;[39m   port: 41120
&amp#27;[35m[Appium]&amp#27;[39m Non-default server args:
&amp#27;[35m[Appium]&amp#27;[39m   port: 20072
&amp#27;[35m[Appium]&amp#27;[39m Appium REST http interface listener started on 0.0.0.0:20072
&amp#27;[35m[Appium]&amp#27;[39m Appium REST http interface listener started on 0.0.0.0:34237
&amp#27;[35m[Appium]&amp#27;[39m Appium REST http interface listener started on 0.0.0.0:18860
&amp#27;[35m[Appium]&amp#27;[39m Appium REST http interface listener started on 0.0.0.0:28661
&amp#27;[35m[Appium]&amp#27;[39m Appium REST http interface listener started on 0.0.0.0:41120
&amp#27;[35m[Appium]&amp#27;[39m Appium REST http interface listener started on 0.0.0.0:3341
&amp#27;[35m[Appium]&amp#27;[39m Welcome to Appium v1.15.1
&amp#27;[35m[Appium]&amp#27;[39m Non-default server args:
&amp#27;[35m[Appium]&amp#27;[39m   port: 28515
&amp#27;[35m[Appium]&amp#27;[39m Appium REST http interface listener started on 0.0.0.0:28515
&amp#27;[35m[HTTP]&amp#27;[39m &amp#27;[37m-->&amp#27;[39m &amp#27;[37mGET&amp#27;[39m &amp#27;[37m/wd/hub/status&amp#27;[39m
&amp#27;[35m[HTTP]&amp#27;[39m &amp#27;[90m{}&amp#27;[39m
&amp#27;[35m[HTTP]&amp#27;[39m &amp#27;[37m-->&amp#27;[39m &amp#27;[37mGET&amp#27;[39m &amp#27;[37m/wd/hub/status&amp#27;[39m
&amp#27;[35m[HTTP]&amp#27;[39m &amp#27;[90m{}&amp#27;[39m
[debug] &amp#27;[35m[GENERIC]&amp#27;[39m Calling AppiumDriver.getStatus() with args: []
&amp#27;[35m[HTTP]&amp#27;[39m &amp#27;[37m-->&amp#27;[39m &amp#27;[37mGET&amp#27;[39m &amp#27;[37m/wd/hub/status&amp#27;[39m
&amp#27;[35m[HTTP]&amp#27;[39m &amp#27;[90m{}&amp#27;[39m
[debug] &amp#27;[35m[GENERIC]&amp#27;[39m Responding to client with driver.getStatus() result: {"build":{"version":"1.15.1"}}
[debug] &amp#27;[35m[GENERIC]&amp#27;[39m Calling AppiumDriver.getStatus() with args: []
[debug] &amp#27;[35m[GENERIC]&amp#27;[39m Responding to client with driver.getStatus() result: {"build":{"version":"1.15.1"}}
[debug] &amp#27;[35m[GENERIC]&amp#27;[39m Calling AppiumDriver.getStatus() with args: []
&amp#27;[35m[HTTP]&amp#27;[39m &amp#27;[37m<-- GET /wd/hub/status &amp#27;[39m&amp#27;[32m200&amp#27;[39m &amp#27;[90m7 ms - 68&amp#27;[39m
&amp#27;[35m[HTTP]&amp#27;[39m &amp#27;[90m&amp#27;&amp#27;[[335m9m[HTTP]&amp#27;[39
m &amp#27;[37m<-- GET /wd/hub/status &amp#27;[39m&amp#27;[32m200&amp#27;[39m &amp#27;[90m8 ms - 68&amp#27;[39m
&amp#27;[35m[HTTP]&amp#27;[39m &amp#27;[90m&amp#27;[39m
&amp#27;[35m[HTTP]&amp#27;[39m &amp#27;[37m-->&amp#27;[39m &amp#27;[37mGET&amp#27;[39m &amp#27;[37m/wd/hub/status&amp#27;[39m
&amp#27;[35m[HTTP]&amp#27;[39m &amp#27;[90m{}&amp#27;[39m
&amp#27;[35m[HTTP]&amp#27;[39m &amp#27;[37m-->&amp#27;[39m &amp#27;[37mGET&amp#27;[39m &amp#27;[37m/wd/hub/status&amp#27;[39m
&amp#27;[35m[HTTP]&amp#27;[39m &amp#27;[37m-->&amp#27;[39m &amp#27;[37mGET&amp#27;[39m &amp#27;[37m/wd/hub/status&amp#27;[39m
&amp#27;[35m[HTTP]&amp#27;[39m &amp#27;[90m{}&amp#27;[39m
[debug] &amp#27;[35m[GENERIC]&amp#27;[39m Calling AppiumDriver.getStatus() with args: []
[debug] &amp#27;[35m[GENERIC]&amp#27;[39m Responding to client with driver.getStatus() result: {"build":{"version":"1.15.1"}}
[debug] &amp#27;[35m[GENERIC]&amp#27;[39m Calling AppiumDriver.getStatus() with args: []
[debug] &amp#27;[35m[GENERIC]&amp#27;[39m Responding to client with driver.getStatus() result: {"build":{"version":"1.15.1"}}
&amp#27;[35m[HTTP]&amp#27;[39m &amp#27;[90m{}&amp#27;[39m
[debug] &amp#27;[35m[GENERIC]&amp#27;[39m Calling AppiumDriver.getStatus() with args: []
[debug] &amp#27;[35m[GENERIC]&amp#27;[39m Responding to client with driver.getStatus() result: {"build":{"version":"1.15.1"}}
&amp#27;[35m[HTTP]&amp#27;[39m &amp#27;[37m<-- GET /wd/hub/status &amp#27;[39m&amp#27;[32m200&amp#27;[39m &amp#27;[90m18 ms - 68&amp#27;[39m
&amp#27;[35m[HTTP]&amp#27;[39m &amp#27;[37m<-- GET /wd/hub/status &amp#27;[39m&amp#27;[32m200&amp#27;[39m &amp#27;[90m20 ms - 68&amp#27;[39m
&amp#27;[35m[HTTP]&amp#27;[39m &amp#27;[90m&amp#27;[39m
&amp#27;[35m[HTTP]&amp#27;[39m &amp#27;[90m&amp#27;[39m
&amp#27;[35m[HTTP]&amp#27;[39m &amp#27;[37m-->&amp#27;[39m &amp#27;[37mGET&amp#27;[39m &amp#27;[37m/wd/hub/status&amp#27;[39m
&amp#27;[35m[HTTP]&amp#27;[39m &amp#27;[90m{}&amp#27;[39m
[debug] &amp#27;[35m[GENERIC]&amp#27;[39m Responding to client with driver.getStatus() result: {"build":{"version":"1.15.1"}}
&amp#27;[35m[HTTP]&amp#27;[39m &amp#27;[37m<-- GET /wd/hub/status &amp#27;[39m&amp#27;[32m200&amp#27;[39m &amp#27;[90m18 ms - 68&amp#27;[39m
&amp#27;[35m[HTTP]&amp#27;[39m &amp#27;[90m&amp#27;[39m
[debug] &amp#27;[35m[GENERIC]&amp#27;[39m Calling AppiumDriver.getStatus() with args: []
[debug] &amp#27;[35m[GENERIC]&amp#27;[39m Responding to client with driver.getStatus() result: {"build":{"version":"1.15.1"}}
&amp#27;[35m[HTTP]&amp#27;[39m &amp#27;[37m<-- GET /wd/hub/status &amp#27;[39m&amp#27;[32m200&amp#27;[39m &amp#27;[90m46 ms - 68&amp#27;[39m
&amp#27;[35m[HTTP]&amp#27;[39m &amp#27;[90m&amp#27;[39m
&amp#27;[35m[HTTP]&amp#27;[39m &amp#27;[37m<-- GET /wd/hub/status &amp#27;[39m&amp#27;[32m200&amp#27;[39m &amp#27;[90m6 ms - 68&amp#27;[39m
&amp#27;[35m[HTTP]&amp#27;[39m &amp#27;[90m&amp#27;[39m
&amp#27;[35m[HTTP]&amp#27;[39m &amp#27;[37m-->&amp#27;[39m &amp#27;[37mGET&amp#27;[39m &amp#27;[37m/wd/hub/status&amp#27;[39m
&amp#27;[35m[HTTP]&amp#27;[39m &amp#27;[90m{}&amp#27;[39m
[debug] &amp#27;[35m[GENERIC]&amp#27;[39m Calling AppiumDriver.getStatus() with args: []
[debug] &amp#27;[35m[GENERIC]&amp#27;[39m Responding to client with driver.getStatus() result: {"build":{"version":"1.15.1"}}
&amp#27;[35m[HTTP]&amp#27;[39m &amp#27;[37m<-- GET /wd/hub/status &amp#27;[39m&amp#27;[32m200&amp#27;[39m &amp#27;[90m1 ms - 68&amp#27;[39m
&amp#27;[35m[HTTP]&amp#27;[39m &amp#27;[90m&amp#27;[39m
&amp#27;[35m[HTTP]&amp#27;[39m &amp#27;[37m-->&amp#27;[39m &amp#27;[37mGET&amp#27;[39m &amp#27;[37m/wd/hub/status&amp#27;[39m
&amp#27;[35m[HTTP]&amp#27;[39m &amp#27;[90m{}&amp#27;[39m
[debug] &amp#27;[35m[GENERIC]&amp#27;[39m Calling AppiumDriver.getStatus() with args: []
[debug] &amp#27;[35m[GENERIC]&amp#27;[39m Responding to client with driver.getStatus() result: {"build":{"version":"1.15.1"}}
&amp#27;[35m[HTTP]&amp#27;[39m &amp#27;[37m<-- GET /wd/hub/status &amp#27;[39m&amp#27;[32m200&amp#27;[39m &amp#27;[90m1 ms - 68&amp#27;[39m
&amp#27;[35m[HTTP]&amp#27;[39m &amp#27;[90m&amp#27;[39m
&amp#27;[35m[HTTP]&amp#27;[39m &amp#27;[37m-->&amp#27;[39m &amp#27;[37mGET&amp#27;[39m &amp#27;[37m/wd/hub/status&amp#27;[39m
&amp#27;[35m[HTTP]&amp#27;[39m &amp#27;[90m{}&amp#27;[39m
[debug] &amp#27;[35m[GENERIC]&amp#27;[39m Calling AppiumDriver.getStatus() with args: []
[debug] &amp#27;[35m[GENERIC]&amp#27;[39m Responding to client with driver.getStatus() result: {"build":{"version":"1.15.1"}}
&amp#27;[35m[HTTP]&amp#27;[39m &amp#27;[37m<-- GET /wd/hub/status &amp#27;[39m&amp#27;[32m200&amp#27;[39m &amp#27;[90m1 ms - 68&amp#27;[39m
&amp#27;[35m[HTTP]&amp#27;[39m &amp#27;[90m&amp#27;[39m
&amp#27;[35m[HTTP]&amp#27;[39m &amp#27;[37m-->&amp#27;[39m &amp#27;[37mGET&amp#27;[39m &amp#27;[37m/wd/hub/status&amp#27;[39m
&amp#27;[35m[HTTP]&amp#27;[39m &amp#27;[90m{}&amp#27;[39m
[debug] &amp#27;[35m[GENERIC]&amp#27;[39m Calling AppiumDriver.getStatus() with args: []
[debug] &amp#27;[35m[GENERIC]&amp#27;[39m Responding to client with driver.getStatus() result: {"build":{"version":"1.15.1"}}
&amp#27;[35m[HTTP]&amp#27;[39m &amp#27;[37m<-- GET /wd/hub/status &amp#27;[39m&amp#27;[32m200&amp#27;[39m &amp#27;[90m4 ms - 68&amp#27;[39m
&amp#27;[35m[HTTP]&amp#27;[39m &amp#27;[90m&amp#27;[39m
&amp#27;[35m[HTTP]&amp#27;[39m &amp#27;[37m-->&amp#27;[39m &amp#27;[37mGET&amp#27;[39m &amp#27;[37m/wd/hub/status&amp#27;[39m
&amp#27;[35m[HTTP]&amp#27;[39m &amp#27;[90m{}&amp#27;[39m
[debug] &amp#27;[35m[GENERIC]&amp#27;[39m Calling AppiumDriver.getStatus() with args: []
[debug] &amp#27;[35m[GENERIC]&amp#27;[39m Responding to client with driver.getStatus() result: {"build":{"version":"1.15.1"}}
&amp#27;[35m[HTTP]&amp#27;[39m &amp#27;[37m<-- GET /wd/hub/status &amp#27;[39m&amp#27;[32m200&amp#27;[39m &amp#27;[90m2 ms - 68&amp#27;[39m
&amp#27;[35m[HTTP]&amp#27;[39m &amp#27;[90m&amp#27;[39m
&amp#27;[35m[HTTP]&amp#27;[39m &amp#27;[37m-->&amp#27;[39m &amp#27;[37mPOST&amp#27;[39m &amp#27;[37m/wd/hub/session&amp#27;[39m
&amp#27;[35m[HTTP]&amp#27;[39m &amp#27;[90m{"desiredCapabilities":{"browserName":"chrome"&amp#27;[35m[HTTP]&amp#27;[39m &amp#27;[37m-->&amp#27;[39m &amp#27;[37mPOST&amp#27;[39m &amp#27;[37m/wd/hub/session&amp#27;[39m
&amp#27;[35m[HTTP]&amp#27;[39m &amp#27;[90m{"desiredCapabilities":{"browserName":"chrome",","chromedriverExecutable":"/Users/jqorri/.m2/repository/webdriver/chromedriver/mac64/79.0.3945.36/chromedriver","platformName":"android","deviceName":"Gal&amp#27;[35m[HTTP]&amp#27;[39m &amp#27;[37m-->&amp#27;[39m &amp#27;[37mPOST&amp#27;[39m &amp#27;[37m/wd/hub/session&amp#27;[39m
&amp#27;[35m[HTTP]&amp#27;[39m &amp#27;[90m{"desiredCapabilities":{"browserName":"chrome","chromedriverExecutable":"/Users/jqorri/.m2/repository/webdriver/chromedriver/mac64/79.0.3945.36/chromedriver","platformName":"android","deviceName":"GalaxyS8-2","newCommandTimeout":90},"capabilities":{"firstMatch":[{"browserName":"chrome","appium:chromedriverExecutable":"/Users/jqorri/.m2/repository/webdriver/chromedriver/mac64/79.0.3945.36/chromedriver","appium:deviceName":"GalaxyS8-2","appium:newCommandTimeout":90,"platformName":"android"}]}}&amp#27;[39m
[debug] &amp#27;[35m[W3C]&amp#27;[39m Calling AppiumDriver.createSession() with args: [{"browserName":"chrome","chromedriverExecutable":"/Users/jqorri/.m2/repository/webdriver/chromedriver/mac64/79.0.3945.3c6hromedriverExecutable":"/Users/jqorri/.m2/repository/webdriver/chromedriver/mac64/79.0.3945.36/chromedriver","platformName":"android","deviceName":"GalaxyS8-2","newCommandTimeout":90},"capabiaxyS8-2","newCommandTimeout":90},"capabilities":{"firstMatch":[{"browserName":"chrome","appium:chromedriverExecutable":"l/citi/es":{"firstMatch":[{"hbrUsowrosemrName":"chrome","appium:chromedriverExecutable":"/Users/jqorri/.m2/repository/webdriverers/c/jqorri/.m2/redepository/webdriver/chromedriver/mac64/79.0.3945.36/chromedriver","appium:dehromedriver/mac64/79.0.3945.36/chromedriver","apviceNrampiume"iver","p:":dGalatlaevicexyS8formN-2Na",am"ameppe":"andium":"Gal:neroid"wCoaxySmman,"deviceNa8dTi-me2"me,"":"appout":9ium:newCommandTimeout":90,"platfGalaxyS8o-2","newCrommNmaandTimeout":90},null,{"firstMatch"0,"platformName":":[{"bmerowserNaam":"ande"nd:"crohrromeid","oid"a}p]}}"}]&amp#27;[39pim
}}&amp#27;[deum:chrbug] &amp#27;[39m[3ome5m[
W3d[debug] ri&amp#27;[C35m[W3veC]&amp#27;]&amp#27;[[39rExem 3Callicung 9m CaAptapillinumblDrg Aiver.createSession() with are":"gsppiumD: [{"b/UserrowserNarivms/jqorre":"cher.crroi/.mme",eat"chr2/omeSeedrepriverssiExeosicuon(tatoble) w":"ry/webd/Useith args:rs/jrivqorri/ [{.m2er/r"bepo/csirowsertohromedry/weNabdririvver/mec"h:roer/mamedr"chiverc/mrac64/7964/7o9..0.3940.394me5.35.6/","chr36ch/comedrihromroedriver",ve"appmeiurExm:drideecutavicever"Nameble":"/Use","platf:rs/j"GalormName":"anaxyS8qorri/.m-2"d,"a2/rppium:newroCommaepndTidimeositout"",:9or0,"p"devlay/webtidfroicever/chromermdrNiavme":"NamGaer/malae":"anxyc64/7S8dro-2","n9.0ewCommandTimeido.3945.3ut"}":6/90},nu]}]
[ll,{chr"fdeiromestMbug]atdrich": &amp#27;[{ver",""br[35m[BaseDrowplaseiver]rNatformme":&amp#27;["chromNae"39m,"me"app Eveium::"anchntromedrivdroier 'Executabd"le":"/Users/jqonewrr,"i/.m2Session/reposdeviitoRery/cewebdrqueiveNarme":"steGal/chaxd' yroSl8-2ogged at 1me579",729dr617614 (16:46"n:57 ivGMewComT-0500er (EasternmandT S/mtaimendacaroutd Time64/))":9
&amp#27;[79350},null,{"firstMatch":[m[A.0.39ppiu{"m]&amp#27;[3945.3m bro
&amp#27;[35m6/chro[Appwsiumedrim]erName&amp#27;[39m ve====":==r"=="c=====,"a====hro========ppiu===me","==m:d====appiu=====ev==m:=====ice==ch=========Na===rome===me=======
&amp#27;[35m[Appium]&amp#27;driver[39m  ":"GalaxyS DEExecutablPRE8-2",e":"/UsCAer"as/jqTION Worrppiumi/ARNIN.m2:n/reposG:
&amp#27;itewCommory/webdri[3veran/chrome5m[Appdriver/madTc64/79ium]&amp#27;[39m 
.0.imeo3945.&amp#27;[36/utchrome35mdriver":90,"",[App"appplatfiuium]&amp#27;m:deviceName":"GaormName":"android"}]}]
l[[39debaxug]m   Th &amp#27;yS8[3e 'aut5momationN-2"am[BaseDe' ca,"apabilriity wppas not provivedeiumd r]&amp#27;[39in th:nee dm Event 'newSessionRequeeswCommirsteded 
&amp#27;[35m[Appium]&amp#27;[39m   capabandilities'  fTimeout":or tlohi90s Agged at 15ndroi,"pd s797ession
&amp#27;[la3529m[Appitfum]61&amp#27;[ormName"39m76 
&amp#27;[:"android"35m[A38ppium]&amp#27;[39m  }] S (1ett}]in6:46:g '
[au57tomdebat Gioug] nName=UMT-0500 (EiAu&amp#27;[35mtomatorastern 2' by defa[BaseDult Stanrivd using tanheer]&amp#27;[39m Event 'ne 
&amp#27;[dar35m[AwSessionReppd Time))
iuqum]&amp#27;ested' log[39m   ged at 1579UiAuto7296ma17608 (1t6or:46:57 G2 MTDr-0500 (Eaiver
&amp#27;[35m[Appium]&amp#27;[39m 
&amp#27;[35m[Appium]stern &amp#27;[3Sta9mndard  Time  ))
The next major version of Appium (2.x) will **require** the 
&amp#27;[35m[Appium]&amp#27;[39m   'automationName' capability to be set for all sessions on all 
&amp#27;[35m[Appium]&amp#27;[39m   platforms
&amp#27;[35m[Appium]&amp#27;[39m 
&amp#27;[35m[Appium]&amp#27;[39m   In previous versions (Appium <= 1.13.x), the default was 
&amp#27;[35m[Appium]&amp#27;[39m   'automationName=UiAutomator1'
&amp#27;[35m[Appium]&amp#27;[39m 
&amp#27;[35m[Appium]&amp#27;[39m   If you wish to use that automation instead of UiAutomator2, please 
&amp#27;[35m[Appium]&amp#27;[39m   add 'automationName=UiAutomator1' to your desired capabilities
&amp#27;[35m[Appium]&amp#27;[39m 
&amp#27;[35m[Appium]&amp#27;[39m   For more information about drivers, please visit 
&amp#27;[35m[Appium]&amp#27;[39m   http://appium.io/docs/en/about-appium/intro/ and explore the 
&amp#27;[35m[Appium]&amp#27;[39m   'Drivers' menu
&amp#27;[35m[Appium]&amp#27;[39m 
&amp#27;[35m[Appium]&amp#27;[39m ======================================================================
&amp#27;[35m[Appium]&amp#27;[39m 
&amp#27;[35m[HTTP]&amp#27;[39m &amp#27;[37m-->&amp#27;[39m &amp#27;[37mPOST&amp#27;[39m &amp#27;[37m/wd/hub/session&amp#27;[39m
&amp#27;[35m[HTTP]&amp#27;[39m &amp#27;[90m{"desiredCapabilities":{"browserName":"chrome","chromedriverExecutable":"/Users/jqorri/.m2/repository/webdriver/chromedriver/mac64/79.0.3945.36/chromedriver","platformName":"android","deviceName":"GalaxyS8-2","newCommandTimeout":90},"capabilities":{"firstMatch":[{"browserName":"chrome","appium:chromedriverExecutable":"/Users/jqorri/.m2/repository/webdriver/chromedriver/mac64/79.0.3945.36/chromedriver","appium:deviceName":"GalaxyS8-2","appium:newCommandTimeout":90,"platformName":"android"}]}}&amp#27;[39m
[debug] &amp#27;[35m[W3C]&amp#27;[39m Calling AppiumDriver.createSession() with args: [{"browserName":"chrome","chromedriverExecutable":"/Users/jqorri/.m2/repository/webdriver/chromedriver/mac64/79.0.3945.36/chromedriver","platformName":"android","deviceName":"GalaxyS8-2","newCommandTimeout":90},null,{"firstMatch":[{"browserName":"chrome","appium:chromedriverExecutable":"/Users/jqorri/.m2/repository/webdriver/chromedriver/mac64/79.0.3945.36/chromedriver","appium:deviceName":"GalaxyS8-2","appium:newCommandTimeout":90,"platformName":"android"}]}]
&amp#27;[35m[Appium]&amp#27;[39m 
&amp#27;[35m[Appium]&amp#27;[39m =======[=====de======bug] &amp#27;[35m[B====aseDr======iver]&amp#27;=====[39m ==Ev=en=t 'n====ewSes==sion==Requ===es====ted'==== logged =a=t =====15==797296=====
17653 (16:46:57 GMT-0500 (Eastern Standard Time))
&amp#27;[35m[Appium]&amp#27;[39m   DEPRECATION WARNING:
&amp#27;[35m[Appium]&amp#27;[39m 
&amp#27;[35m[Appium]&amp#27;[39m   The 'automationName' capability was not provided in the desired 
&amp#27;[35m[Appium]&amp#27;[39m   capabilities for this Android session
&amp#27;[35m[Appium]&amp#27;[39m 
&amp#27;[35m[Appium]&amp#27;[39m   Setting 'automationName=UiAutomator2' by default and using the 
&amp#27;[35m[Appium]&amp#27;[39m   UiAutomator2 Driver
&amp#27;[35m[Appium]&amp#27;[39m 
&amp#27;[35m[Appium]&amp#27;[39m   The next major version of Appium (2.x) will **require** the 
&amp#27;[35m[Appium]&amp#27;[39m   'automationName' capability to be set for all sessions on all 
&amp#27;[35m[Appium]&amp#27;[39m   platforms
&amp#27;[35m[Appium]&amp#27;[39m 
&amp#27;[35m[Appium]&amp#27;[39m   In previous versions (Appium <= 1.13.x), the default was 
&amp#27;[35m[Appium]&amp#27;[39m   'automationName=UiAutomator1'
&amp#27;[35m[Appium]&amp#27;[39m 
&amp#27;[35m[Appium]&amp#27;[39m   If you wish to use that automation instead of UiAutomator2, please 
&amp#27;[35m[Appi&amp#27;[um]&amp#27;[3359m m[Ap  pium]&amp#27;[39m ad
d 'automationName=UiAutomator1' to your desired capabilities
&amp#27;[35m[Appium]&amp#27;[39m ======================================================================
&amp#27;[35m[Appium]&amp#27;[39m 
&amp#27;[35m[Appium]&amp#27;[39m   DEPRECATION WARNING:
&amp#27;[35m[Appium]&amp#27;[39m   For more information about drivers, please visit 
&amp#27;[35m[Appium]&amp#27;[39m 
&amp#27;[35m[Appium]&amp#27;[39m   http://appium.io/docs/en/about-appium/intro/ and explore the 
&amp#27;[35m[Appium]&amp#27;&amp#27;[[3935m   'Drivm[Appiumers' ]&amp#27;[men39mu
   The 'automationName' capability was not provided in the desired 
&amp#27;[35m[Appium]&amp#27;[39m 
&amp#27;[35m[Appium]&amp#27;[39m   capabilities for this Android session
&amp#27;[35m[Appium]&amp#27;[39m ==========&amp#27;=[3=========5m==[A==ppium=========]&amp#27;[39m 
=====================================
&amp#27;[35m[Appiu&amp#27;[35m]&amp#27;m[[3Ap9m pium
]&amp#27;[39m   Setting 'automationName=UiAutomator2' by default and using the 
&amp#27;[35m[Appium]&amp#27;[39m   UiAutomator2 Driver
&amp#27;[35m[Appium]&amp#27;[39m 
&amp#27;[35m[HTTP]&amp#27;[39m &amp#27;[37m&amp#27;[3-->&amp#27;[39m &amp#27;5m[Ap[37mpiumPOST]&amp#27;[39&amp#27;[39mm   The  &amp#27;[3next 7m/wmajd/hub/sesor sion&amp#27;[39verm
sion o&amp#27;[f Appium (235m.x) w[Hill **reTTPquir]&amp#27;e**[39 thm e &amp#27;[
90m&amp#27;[35m[A{"ppiudesm]&amp#27;[3iredCapa9mbilit   'ies"automationNa:{"bromewserN' caampabe":il"city to bhrome","ce sehromedrit verExecutablefor ":"al/Users/l jqorrsei/.m2/ressionsposit oory/wn alleb 
drive&amp#27;r[35m[A/cppihrum]&amp#27;[om3edri9m  ver p/mlatfac64/79orms.0.
3945.36/chromedriver","platformName":"android","deviceName":"GalaxyS8-2","newCommandTimeout":90},"capabilities":{"firstMatch":[{"browserName":"chrome","appium:chromedriverExecutable":"/Users/jqorri/.m2/repository/webdriver/chromedriver/mac64/79.0.3945.36/chromedriver","appium:deviceName":"GalaxyS8-2","appium:newCommandTimeout":90,"platformName":"android"}]}}&amp#27;[39m
[debug] &amp#27;[35m[W3&amp#27;[35C]&amp#27;m[Appium][39m C&amp#27;[39m alling
 AppiumDriver.createSession() with args: [{"browserName":"chrome","chromedriverExecutable":"/User&amp#27;[3s/j5m[Aqporripiu/.m2/repm]&amp#27;[osi3to9m ry/web  driver/chromInedriver p/marec64vi/79.0.3945.3ous6/ch verorsionmes dri(Aver","pppiumlat <formN= ame1.1":"android3.x),","de thvicee dNamefault we":"Galaas 
xyS8-2","newCommandTimeout":90},null,{"firstMatch":[{"browserName":"chrome","appium:chromedriverExecutable":"/Users/jqorri/.m2/repository/webdriver/chromedriver/mac64/79.0.3945.36/chromedriver","appium:deviceName":"GalaxyS8-2","appium:newCommandTimeout":90,"platformName":"android"}]}]
&amp#27;[35m[Appium]&amp#27;[39m   'automationName=UiAutomator1'
&amp#27;[35m[Appium]&amp#27;[39m 
[debug] &amp#27;[35m[BaseDriver]&amp#27;[39m Event 'newSessionRequested' logged at 1579729617677 (16:46:57 GMT-0500 (Eastern Standard Time))
&amp#27;[35m[Appium]&amp#27;[39m   If you wish to use that automation instead of UiAutomator2, please 
&amp#27;[35m[Appium]&amp#27;[39m   add 'automationName=UiAutomator1' to your desired capabilities
&amp#27;[35m[Appium]&amp#27;[39m 
&amp#27;[35m[Appium]&amp#27;[39m   For more information about drivers, please visit 
&amp#27;[35m[Appium]&amp#27;[39m   http://appium.io/docs/en/about-appium/intro/ and explore the 
&amp#27;[35m[Appium]&amp#27;[39m   'Drivers' menu
&amp#27;[35m[Appium]&amp#27;[39m 
&amp#27;[35m[Appium]&amp#27;[39m ======================================================================
&amp#27;[35m[Appium]&amp#27;[39m 
&amp#27;[35m[Appium]&amp#27;[39m 
&amp#27;[35m[Appium]&amp#27;[39m ======================================================================
&amp#27;[35m[Appium]&amp#27;[39m   DEPRECATION WARNING:
&amp#27;[35m[Appium]&amp#27;[39m 
&amp#27;[35m[Appium]&amp#27;[39m   The 'automationName' capability was not provided in the desired 
&amp#27;[35m[Appium]&amp#27;[39m   capabilities for this Android session
&amp#27;[35m[Appium]&amp#27;[39m 
&amp#27;[35m[Appium]&amp#27;[39m   Setting 'automationName=UiAutomator2' by default and using the 
&amp#27;[35m[Appium]&amp#27;[39m   UiAutomator2 Driver
&amp#27;[35m[Appium]&amp#27;[39m 
&amp#27;[35m[Appium]&amp#27;[39m   The next major version of Appium (2.x) will **require** the 
&amp#27;[35m[Appium]&amp#27;[39m   'automationName' capability to be set for all sessions on all 
&amp#27;[35m[Appium]&amp#27;[39m   platforms
&amp#27;[35m[Appium]&amp#27;[39m 
&amp#27;[35m[Appium]&amp#27;[39m   In previous versions (Appium <= 1.13.x), the default was 
&amp#27;[35m[Appium]&amp#27;[39m   'automationName=UiAutomator1'
&amp#27;[35m[Appium]&amp#27;[39m 
&amp#27;[35m[Appium]&amp#27;[39m   If you wish to use that automation instead of UiAutomator2, please 
&amp#27;&amp#27;[3[35m[Appium]&amp#27;[5m39m 
[Appium]&amp#27;[39m   add 'automationName=UiAutomator1' to your desired capabilities
&amp#27;[35m[Appium]&amp#27;[39m 
&amp#27;[35m[Appium]&amp#27;[39m ============================================================&amp#27;[35m===[Ap==pium]&amp#27;==[39==m   Fo=
r&amp#27; m[35more inf[Aormatippiuon am]bou&amp#27;[39m t dr  DiversEPRECAT, ION WARplease NIvisit 
NG:
&amp#27;[35m[Appium]&amp#27;[39m 
&amp#27;[35m[Appium]&amp#27;[39m   The 'automationName&amp#27;[3' capabi5m[Ality wasp notpium] p&amp#27;[3ro9mvi  ded in  htthtpe de://asiredppiu 
m.io/docs/en/about-appium/intro/ and explore the 
&amp#27;[35m[Appium]&amp#27;[39m   capabilities for this Android s&amp#27;[essio35mn
[Appium]&amp#27;[39m   'Drivers' menu
&amp#27;[35m[Appium]&amp#27;[39m 
&amp#27;[35m[Appium]&amp#27;[39m 
&amp#27;[35m[Appium]&amp#27;[39m ======================================================================
&amp#27;[35m[Appium]&amp#27;[39m 
&amp#27;[35m[Appium]&amp#27;[39m   Setting 'automationName=UiAutomator2' by default and using the 
&amp#27;[35m[Appium]&amp#27;[39m   UiAutomator2 Driver
&amp#27;[35m[Appium]&amp#27;[39m 
&amp#27;[35m[Appium]&amp#27;[39m   The next major version of Appium (2.x) will **require** the 
&amp#27;[35m[Appium]&amp#27;[39m   'automationName' capability to be set for all sessions on all 
&amp#27;[35m[Appium]&amp#27;[39m   platforms
&amp#27;[35m[Appium]&amp#27;[39m 
&amp#27;[35m[Appium]&amp#27;[39m   In previous versions (Appium <= 1.13.x), the default was 
&amp#27;[35m[Appium]&amp#27;[39m   'automationName=UiAutomator1'
&amp#27;[35m[Appium]&amp#27;[39m 
&amp#27;[35m[Appium]&amp#27;[39m   If you wish to use that automation instead of UiAutomator2, please 
&amp#27;[35m[Appium]&amp#27;[39m   add 'automationName=UiAutomator1' to your desired capabilities
&amp#27;[35m[Appium]&amp#27;[39m 
&amp#27;[35m[Appium]&amp#27;[39m   For more information about drivers, please visit 
&amp#27;[35m[Appium]&amp#27;[39m   http://appium.io/docs/en/about-appium/intro/ and explore the 
&amp#27;[35m[Appium]&amp#27;[39m   'Drivers' menu
&amp#27;[35m[Appium]&amp#27;[39m 
&amp#27;[35m[Appium]&amp#27;[39m ======================================================================
&amp#27;[35m[Appium]&amp#27;[39m 
&amp#27;[35m[HTTP]&amp#27;[39m &amp#27;[37m-->&amp#27;[39m &amp#27;[37mGET&amp#27;[39m &amp#27;[37m/wd/hub/status&amp#27;[39m
&amp#27;[35m[HTTP]&amp#27;[39m &amp#27;[90m{}&amp#27;[39m
[debug] &amp#27;[35m[GENERIC]&amp#27;[39m Calling AppiumDriver.getStatus() with args: []
[debug] &amp#27;[35m[GENERIC]&amp#27;[39m Responding to client with driver.getStatus() result: {"build":{"version":"1.15.1"}}
&amp#27;[35m[HTTP]&amp#27;[39m &amp#27;[37m<-- GET /wd/hub/status &amp#27;[39m&amp#27;[32m200&amp#27;[39m &amp#27;[90m1 ms - 68&amp#27;[39m
&amp#27;[35m[HTTP]&amp#27;[39m &amp#27;[90m&amp#27;[39m
&amp#27;[35m[HTTP]&amp#27;[39m &amp#27;[37m-->&amp#27;[39m &amp#27;[37mPOST&amp#27;[39m &amp#27;[37m/wd/hub/session&amp#27;[39m
&amp#27;[35m[HTTP]&amp#27;[39m &amp#27;[90m{"desiredCapabilities":{"browserName":"chrome","chromedriverExecutable":"/Users/jqorri/.m2/repository/webdriver/chromedriver/mac64/79.0.3945.36/chromedriver","platformName":"android","deviceName":"GalaxyS8-2","newCommandTimeout":90},"capabilities":{"firstMatch":[{"browserName":"chrome","appium:chromedriverExecutable":"/Users/jqorri/.m2/repository/webdriver/chromedriver/mac64/79.0.3945.36/chromedriver","appium:deviceName":"GalaxyS8-2","appium:newCommandTimeout":90,"platformName":"android"}]}}&amp#27;[39m
[debug] &amp#27;[35m[W3C]&amp#27;[39m Calling AppiumDriver.createSession() with args: [{"browserName":"chrome","chromedriverExecutable":"/Users/jqorri/.m2/repository/webdriver/chromedriver/mac64/79.0.3945.36/chromedriver","platformName":"android","deviceName":"GalaxyS8-2","newCommandTimeout":90},null,{"firstMatch":[{"browserName":"chrome","appium:chromedriverExecutable":"/Users/jqorri/.m2/repository/webdriver/chromedriver/mac64/79.0.3945.36/chromedriver","appium:deviceName":"GalaxyS8-2","appium:newCommandTimeout":90,"platformName":"android"}]}]
[debug] &amp#27;[35m[BaseDriver]&amp#27;[39m Event 'newSessionRequested' logged at 1579729617804 (16:46:57 GMT-0500 (Eastern Standard Time))
&amp#27;[35m[Appium]&amp#27;[39m 
&amp#27;[35m[Appium]&amp#27;[39m ======================================================================
&amp#27;[35m[Appium]&amp#27;[39m   DEPRECATION WARNING:
&amp#27;[35m[Appium]&amp#27;[39m 
&amp#27;[35m[Appium]&amp#27;[39m   The 'automationName' capability was not provided in the desired 
&amp#27;[35m[Appium]&amp#27;[39m   capabilities for this Android session
&amp#27;[35m[Appium]&amp#27;[39m 
&amp#27;[35m[Appium]&amp#27;[39m   Setting 'automationName=UiAutomator2' by default and using the 
&amp#27;[35m[Appium]&amp#27;[39m   UiAutomator2 Driver
&amp#27;[35m[Appium]&amp#27;[39m 
&amp#27;[35m[Appium]&amp#27;[39m   The next major version of Appium (2.x) will **require** the 
&amp#27;[35m[Appium]&amp#27;[39m   'automationName' capability to be set for all sessions on all 
&amp#27;[35m[Appium]&amp#27;[39m   platforms
&amp#27;[35m[Appium]&amp#27;[39m 
&amp#27;[35m[Appium]&amp#27;[39m   In previous versions (Appium <= 1.13.x), the default was 
&amp#27;[35m[Appium]&amp#27;[39m   'automationName=UiAutomator1'
&amp#27;[35m[Appium]&amp#27;[39m 
&amp#27;[35m[Appium]&amp#27;[39m   If you wish to use that automation instead of UiAutomator2, please 
&amp#27;[35m[Appium]&amp#27;[39m   add 'automationName=UiAutomator1' to your desired capabilities
&amp#27;[35m[Appium]&amp#27;[39m 
&amp#27;[35m[Appium]&amp#27;[39m   For more information about drivers, please visit 
&amp#27;[35m[Appium]&amp#27;[39m   http://appium.io/docs/en/about-appium/intro/ and explore the 
&amp#27;[35m[Appium]&amp#27;[39m   'Drivers' menu
&amp#27;[35m[Appium]&amp#27;[39m 
&amp#27;[35m[Appium]&amp#27;[39m ======================================================================
&amp#27;[35m[Appium]&amp#27;[39m 
&amp#27;[35m[HTTP]&amp#27;[39m &amp#27;[37m-->&amp#27;[39m &amp#27;[37mGET&amp#27;[39m &amp#27;[37m/wd/hub/status&amp#27;[39m
&amp#27;[35m[HTTP]&amp#27;[39m &amp#27;[90m{}&amp#27;[39m
[debug] &amp#27;[35m[GENERIC]&amp#27;[39m Calling AppiumDriver.getStatus() with args: []
[debug] &amp#27;[35m[GENERIC]&amp#27;[39m Responding to client with driver.getStatus() result: {"build":{"version":"1.15.1"}}
&amp#27;[35m[HTTP]&amp#27;[39m &amp#27;[37m<-- GET /wd/hub/status &amp#27;[39m&amp#27;[32m200&amp#27;[39m &amp#27;[90m5 ms - 68&amp#27;[39m
&amp#27;[35m[HTTP]&amp#27;[39m &amp#27;[90m&amp#27;[39m
&amp#27;[35m[HTTP]&amp#27;[39m &amp#27;[37m-->&amp#27;[39m &amp#27;[37mPOST&amp#27;[39m &amp#27;[37m/wd/hub/session&amp#27;[39m
&amp#27;[35m[HTTP]&amp#27;[39m &amp#27;[90m{"desiredCapabilities":{"browserName":"chrome","chromedriverExecutable":"/Users/jqorri/.m2/repository/webdriver/chromedriver/mac64/79.0.3945.36/chromedriver","platformName":"android","deviceName":"GalaxyS8-2","newCommandTimeout":90},"capabilities":{"firstMatch":[{"browserName":"chrome","appium:chromedriverExecutable":"/Users/jqorri/.m2/repository/webdriver/chromedriver/mac64/79.0.3945.36/chromedriver","appium:deviceName":"GalaxyS8-2","appium:newCommandTimeout":90,"platformName":"android"}]}}&amp#27;[39m
[debug] &amp#27;[35m[W3C]&amp#27;[39m Calling AppiumDriver.createSession() with args: [{"browserName":"chrome","chromedriverExecutable":"/Users/jqorri/.m2/repository/webdriver/chromedriver/mac64/79.0.3945.36/chromedriver","platformName":"android","deviceName":"GalaxyS8-2","newCommandTimeout":90},null,{"firstMatch":[{"browserName":"chrome","appium:chromedriverExecutable":"/Users/jqorri/.m2/repository/webdriver/chromedriver/mac64/79.0.3945.36/chromedriver","appium:deviceName":"GalaxyS8-2","appium:newCommandTimeout":90,"platformName":"android"}]}]
[debug] &amp#27;[35m[BaseDriver]&amp#27;[39m Event 'newSessionRequested' logged at 1579729617938 (16:46:57 GMT-0500 (Eastern Standard Time))
&amp#27;[35m[Appium]&amp#27;[39m 
&amp#27;[35m[Appium]&amp#27;[39m ======================================================================
&amp#27;[35m[Appium]&amp#27;[39m   DEPRECATION WARNING:
&amp#27;[35m[Appium]&amp#27;[39m 
&amp#27;[35m[Appium]&amp#27;[39m   The 'automationName' capability was not provided in the desired 
&amp#27;[35m[Appium]&amp#27;[39m   capabilities for this Android session
&amp#27;[35m[Appium]&amp#27;[39m 
&amp#27;[35m[Appium]&amp#27;[39m   Setting 'automationName=UiAutomator2' by default and using the 
&amp#27;[35m[Appium]&amp#27;[39m   UiAutomator2 Driver
&amp#27;[35m[Appium]&amp#27;[39m 
&amp#27;[35m[Appium]&amp#27;[39m   The next major version of Appium (2.x) will **require** the 
&amp#27;[35m[Appium]&amp#27;[39m   'automationName' capability to be set for all sessions on all 
&amp#27;[35m[Appium]&amp#27;[39m   platforms
&amp#27;[35m[Appium]&amp#27;[39m 
&amp#27;[35m[Appium]&amp#27;[39m   In previous versions (Appium <= 1.13.x), the default was 
&amp#27;[35m[Appium]&amp#27;[39m   'automationName=UiAutomator1'
&amp#27;[35m[Appium]&amp#27;[39m 
&amp#27;[35m[Appium]&amp#27;[39m   If you wish to use that automation instead of UiAutomator2, please 
&amp#27;[35m[Appium]&amp#27;[39m   add 'automationName=UiAutomator1' to your desired capabilities
&amp#27;[35m[Appium]&amp#27;[39m 
&amp#27;[35m[Appium]&amp#27;[39m   For more information about drivers, please visit 
&amp#27;[35m[Appium]&amp#27;[39m   http://appium.io/docs/en/about-appium/intro/ and explore the 
&amp#27;[35m[Appium]&amp#27;[39m   'Drivers' menu
&amp#27;[35m[Appium]&amp#27;[39m 
&amp#27;[35m[Appium]&amp#27;[39m ======================================================================
&amp#27;[35m[Appium]&amp#27;[39m 
&amp#27;[35m[Appium]&amp#27;[39m Appium v1.15.&amp#27;[31 cr5m[Apeatpium]&amp#27;[39ing nem Aw Appium v1.15.1 creating nendroiw AndroidUiautdUiautomator2omator2DriveDriver (v1.3r (7.2) sessvi1on
.37.2) session
&amp#27;[35m[Appium]&amp#27;[39m Appium v1.15.1 creatin[debugg n] &amp#27;[35m[Baseew A[debug] &amp#27;[35m[BDriver]&amp#27;[39m W3C aseDriver]ndr&amp#27;[39m W3C capabilicapabilitieties aoidUiautomator2Driver (vnd MJSOs and MJSONWP dNWP1.37.2) session
 desired capaesired capbilities were provided
abili[debug] ties &amp#27;[35were provided
m[BaseDriver]&amp#27;[39m Creating session with W3C capabilities: {
[debug] &amp#27;[35m[BaseDriver]&amp#27;[39m   "alwaysMatch": {
[debug] &amp#27;[35m[B[deaseDriver]&amp#27;[bug] &amp#27;[3539mm[BaseDriver]&amp#27;[39m Cr     "browserName"eat: "ing sechrome",
ssi[debug] &amp#27;[35on m[Basewith W3C Driver]&amp#27;[cap39mabilit   ies: {  "
p[debug]latformName" &amp#27;[35m[BaseDriv: "android",er]&amp#27;[3
9[m  debug] "alwaysMatc &amp#27;[h": {
35m[de[BaseDrivbug] &amp#27;er][35m[B&amp#27;[39m ase    "appium:chromedriverDriExever]&amp#27;[39m     "brocutable": "/wseUserNars/jqome": "rri/.mchrome2/r",
[debugepo] &amp#27;sitory[35m[BaseDriver]&amp#27;[/webdrive39mr/c   hro  "platfomedrmName": "androriver/macid",
6[debug4/79.0.3] &amp#27;[35m945.3[BaseDriver]&amp#27;[36/c9m     "ahroppium:medchroriver"medr,
[debug]iverExecutab &amp#27;[35m[BaseDriver]&amp#27;[39m     "ale": "/Users/jqorrppium:devi/.icem2/repNameository": "Ga/weblaxyS8-2",
[debug] &amp#27;driver/ch[35romm[BaseedrDriver]&amp#27;[iver/mac64/79.0.3945.39m36/chrome     "appium:newCodriver",
[debug] &amp#27;[35m[BaseDriver]&amp#27;[39m     "appium:deviceName": "GalaxyS8-mmandT2",imeout": 9
[debug] 0
[d&amp#27;[35m[BaseDrebug] iver]&amp#27;[39m     "appium:new&amp#27;[3CommandTimeout":5m[BaseD ri90
[debug] &amp#27;[35m[BaseDrivever]&amp#27;[39m   },
r][&amp#27;[39m   },
[ddebug] ebug&amp#27;[35] &amp#27;[m[Base35mDriver]&amp#27;[39m [BaseDriver]  "firstM&amp#27;[39match": [
[debug] &amp#27;[35m[Bas   "firstMatch": [
[debug] &amp#27;[35m[BaseDreDriveiver]&amp#27;[39m     {}
r]&amp#27;[39m  [debug] &amp#27;[35m[BaseDriver]&amp#27;   {}
[debug] &amp#27;[35m[BaseDriv[39m   ]
er]&amp#27;[39m   []debu
[debug] g] &amp#27;[35m[&amp#27;[35m[BaseDrBaseDriveiver]&amp#27;r]&amp#27;[39m [39m }}

&amp#27;[35m[BaseDriver]&amp#27;[39m Session created with session id: 5fd24ff0-9a41-4fba-9f95-a0729e31fdc8
&amp#27;[35m[BaseDriver]&amp#27;[39m Session created with session id: 1b0589cd-48ff-4660-90ca-8e7e&amp#27;[35m[UiAuto54e5986c
mator2]&amp#27;[39m We're going to run a Chrome-based session
&amp#27;[35m[UiAutomator2]&amp#27;[39m Chrome-type package and activity are com.android.chrome and com.google.android.apps.chrome.Main
&amp#27;[35m[UiAu&amp#27;[toma35m[UiAutomator2]&amp#27;[39m We're going to run a Chrotorme-bas2]&amp#27;[39m Started session
i&amp#27;n[35m[Ug 'comiAu.android.chrome' directly on the devicetomator
2]&amp#27;[39m Chrome-type package and activity are com.android.chrome and com.google.android.apps.chrome.Main
&amp#27;[35m[UiAutomator2]&amp#27;[39m Starting 'com.android.chrome' directly on the device
[debug] &amp#27;[35m[BaseDriver]&amp#27;[39m W3C capabilities and MJSONWP desired capabilities were provided
[debug] &amp#27;[35m[BaseDriver]&amp#27;[39m Creating session with W3C capabilities: {
[debug] &amp#27;[35m[BaseDriver]&amp#27;[39m   "alwaysMatch": {
[debug] &amp#27;[35m[BaseDriver]&amp#27;[39m     "browserName": "chrome",
[debug] &amp#27;[35m[BaseDriver]&amp#27;[39m     "platformName": "android",
[debug] &amp#27;[35m[BaseDriver]&amp#27;[39m     "appium:chromedriverExecutable": "/Users/jqorri/.m2/repository/webdriver/chromedriver/mac64/79.0.3945.36/chromedriver",
[debug] &amp#27;[35m[BaseDriver]&amp#27;[39m     "appium:deviceName": "GalaxyS8-2",
[debug] &amp#27;[35m[BaseDriver]&amp#27;[39m     "appium:newCommandTimeout": 90
[debug] &amp#27;[35m[BaseDriver]&amp#27;[39m   },
[debug] &amp#27;[35m[BaseDriver]&amp#27;[39m   "firstMatch": [
[debug] &amp#27;[35m[BaseDriver]&amp#27;[39m     {}
[debug] &amp#27;[35m[BaseDriver]&amp#27;[39m   ]
[debug] &amp#27;[35m[BaseDriver]&amp#27;[39m }
&amp#27;[35m[Appium]&amp#27;[39m Appium v1.15.1 creating new AndroidUiautomator2Driver (v1.37.2) session
[debug] &amp#27;[35m[BaseDriver]&amp#27;[39m W3C capabilities and MJSONWP desired capabilities were provided
[debug] &amp#27;[35m[BaseDriver]&amp#27;[39m Creating session with W3C capabilities: {
[debug] &amp#27;[35m[BaseDriver]&amp#27;[39m   "alwaysMatch": {
[debug] &amp#27;[35m[BaseDriver]&amp#27;[39m     "browserName": "chrome",
[debug] &amp#27;[35m[BaseDriver]&amp#27;[39m     "platformName": "android",
[debug] &amp#27;[35m[BaseDriver]&amp#27;[39m     "appium:chromedriverExecutable": "/Users/jqorri/.m2/repository/webdriver/chromedriver/mac64/79.0.3945.36/chromedriver",
[debug] &amp#27;[35m[BaseDriver]&amp#27;[39m     "appium:deviceName": "GalaxyS8-2",
[debug] &amp#27;[35m[BaseDriver]&amp#27;[39m     "appium:newCommandTimeout": 90
[debug] &amp#27;[35m[BaseDriver]&amp#27;[39m   },
[debug] &amp#27;[35m[BaseDriver]&amp#27;[39m   "firstMatch": [
[debug] &amp#27;[35m[BaseDriver]&amp#27;[39m     {}
[debug] &amp#27;[35m[BaseDriver]&amp#27;[39m   ]
[debug] &amp#27;[35m[BaseDriver]&amp#27;[39m }
&amp#27;[35m[ADB]&amp#27;[39m Found 1 'build-tools' folders under '/Users/jqorri/Library/Android/sdk' (newest first):
&amp#27;[35m[ADB]&amp#27;[39m     /Users/jqorri/Library/Android/sdk/build-tools/29.0.2
&amp#27;[35m[ADB]&amp#27;[39m Using 'adb' from '/Users/jqorri/Library/Android/sdk/platform-tools/adb'
&amp#27;[35m[AndroidDriver]&amp#27;[39m Retrieving device list
[debug] &amp#27;[35m[ADB]&amp#27;[39m Trying to find a connected android device
[debug] &amp#27;[35m[ADB]&amp#27;[39m Getting connected devices...
&amp#27;[35m[BaseDriver]&amp#27;[39m Session created with session id: e8ef0301-8d82-45df-b48c-4947ec3a4ff6
&amp#27;[35m[UiAutomator2]&amp#27;[39m We're going to run a Chrome-based session
&amp#27;[35m[UiAutomator2]&amp#27;[39m Chrome-type package and activity are com.android.chrome and com.google.android.apps.chrome.Main
&amp#27;[35m[UiAutomator2]&amp#27;[39m Starting 'com.android.chrome' directly on the device
&amp#27;[35m[Appium]&amp#27;[39m Appium v1.15.1 creating new AndroidUiautomator2Driver (v1.37.2) session
[debug] &amp#27;[35m[BaseDriver]&amp#27;[39m W3C capabilities and MJSONWP desired capabilities were provided
[debug] &amp#27;[35m[BaseDriver]&amp#27;[39m Creating session with W3C capabilities: {
[debug] &amp#27;[35m[BaseDriver]&amp#27;[39m   "alwaysMatch": {
[debug] &amp#27;[35m[BaseDriver]&amp#27;[39m     "browserName": "chrome",
[debug] &amp#27;[35m[BaseDriver]&amp#27;[39m     "platformName": "android",
[debug] &amp#27;[35m[BaseDriver]&amp#27;[39m     "appium:chromedriverExecutable": "/Users/jqorri/.m2/repository/webdriver/chromedriver/mac64/79.0.3945.36/chromedriver",
[debug] &amp#27;[35m[BaseDriver]&amp#27;[39m     "appium:deviceName": "GalaxyS8-2",
[debug] &amp#27;[35m[BaseDriver]&amp#27;[39m     "appium:newCommandTimeout": 90
[debug] &amp#27;[35m[BaseDriver]&amp#27;[39m   },
[debug] &amp#27;[35m[BaseDriver]&amp#27;[39m   "firstMatch": [
[debug] &amp#27;[35m[BaseDriver]&amp#27;[39m     {}
[debug] &amp#27;[35m[BaseDriver]&amp#27;[39m   ]
[debug] &amp#27;[35m[BaseDriver]&amp#27;[39m }
&amp#27;[35m[ADB]&amp#27;[39m Found 1 'build-tools' folders under '/Users/jqorri/Library/Android/sdk' (newest first):
&amp#27;[35m[ADB]&amp#27;[39m     /Users/jqorri/Library/Android/sdk/build-tools/29.0.2
&amp#27;[35m[ADB]&amp#27;[39m Using 'adb' from '/Users/jqorri/Library/Android/sdk/platform-tools/adb'
&amp#27;[35m[AndroidDriver]&amp#27;[39m Retrieving device list
[debug] &amp#27;[35m[ADB]&amp#27;[39m Trying to find a connected android device
[debug] &amp#27;[35m[ADB]&amp#27;[39m Getting connected devices...
[debug] &amp#27;[35m[ADB]&amp#27;[39m Connected devices: [{"udid":"192.168.56.101:5555","state":"device"}]
&amp#27;[35m[AndroidDriver]&amp#27;[39m Using device: 192.168.56.101:5555
&amp#27;[35m[ADB]&amp#27;[39m Using 'adb' from '/Users/jqorri/Library/Android/sdk/platform-tools/adb'
[debug] &amp#27;[35m[ADB]&amp#27;[39m Setting device id to 192.168.56.101:5555
[debug] &amp#27;[35m[ADB]&amp#27;[39m Running '/Users/jqorri/Library/Android/sdk/platform-tools/adb -P 5037 -s 192.168.56.101\:5555 shell getprop ro.build.version.sdk'
&amp#27;[35m[BaseDriver]&amp#27;[39m Session created with session id: a3b29f3f-a56f-4210-b5d6-2fb9332b9167
&amp#27;[35m[UiAutomator2]&amp#27;[39m We're going to run a Chrome-based session
&amp#27;[35m[UiAutomator2]&amp#27;[39m Chrome-type package and activity are com.android.chrome and com.google.android.apps.chrome.Main
&amp#27;[35m[UiAutomator2]&amp#27;[39m Starting 'com.android.chrome' directly on the device
&amp#27;[35m[BaseDriver]&amp#27;[39m Session created with session id: c8fd5af6-3b77-4c7d-bc28-7326ba371a18
&amp#27;[35m[UiAutomator2]&amp#27;[39m We're going to run a Chrome-based session
&amp#27;[35m[UiAutomator2]&amp#27;[39m Chrome-type package and activity are com.android.chrome and com.google.android.apps.chrome.Main
&amp#27;[35m[UiAutomator2]&amp#27;[39m Starting 'com.android.chrome' directly on the device
&amp#27;[35m[ADB]&amp#27;[39m Found 1 'build-tools' folders under '/Users/jqorri/Library/Android/sdk' (newest first):
&amp#27;[35m[ADB]&amp#27;[39m     /Users/jqorri/Library/Android/sdk/build-tools/29.0.2
&amp#27;[35m[ADB]&amp#27;[39m Using 'adb' from '/Users/jqorri/Library/Android/sdk/platform-tools/adb'
&amp#27;[35m[AndroidDriver]&amp#27;[39m Retrieving device list
[debug] &amp#27;[35m[ADB]&amp#27;[39m Trying to find a connected android device
&amp#27;[35m[Appium]&amp#27;[39m Appium v1.15.1 creating new AndroidUiautomator2Driver (v1.37.2) session
[debug] &amp#27;[35m[ADB]&amp#27;[39m Getting connected devices...
&amp#27;[35m[Appium]&amp#27;[39m Appium v1.15.1 creating new AndroidUiautomator2Driver (v1.37.2) session
[debug] &amp#27;[35m[BaseDriver]&amp#27;[39m W3C capabilities and MJSONWP desired capabilities were provided
[de[debug] &amp#27;[35m[Basebug] &amp#27;[35mDriver]&amp#27;[39m W3C capabilities and MJS[ADB]&amp#27;[ON39m CWP deusired rrencapabt device ilities were provided
property 'ro.build.version.sdk': 24
[debug] &amp#27;[35m[BaseDriver[debug]&amp#27;[39m] &amp#27; Creat[35ing sessiom[An withDB]&amp#27;[ W39m Connected devic3C capabilies: [{"udidtie":"s1:92.168.56.10 {
1:5[5deb55"ug],"s &amp#27;[35m[Basetate":"deDrivervic]&amp#27;[39m   e"}]
"al&amp#27;w[a3y5sMam[Atchndr": {
[debug] &amp#27;[oid35m[BaDriver]seD&amp#27;[3river]9&amp#27;[3m U9m sin    "bg drowserNamevie": "cce:hro 19me"2.1,
[debug] &amp#27;[35m[B68.56.101aseDriv:5er]&amp#27;[3555
9m     "platformName": "android",
[debug] &amp#27;[35m[BaseDriver]&amp#27;[39m     "appium:chromedriverExecutable": "/Users/jqorri/.m2/&amp#27;r[35m[ADBeposit]&amp#27;[3ory/webdr9m Using iver/chrom'adb' from '/Users/jqedriver/mac64/79.orri/Librar0.394y5.36//Android/sdk/plchromedatform-tools/ariver",db'
[debug] &amp#27;[35m
[[BdebuaseDriveg] r&amp#27;]&amp#27;[[35m[ADB]&amp#27;39m[39m Sett   ing devi  "appce id to 19ium:de2.1viceName": "GalaxyS68.56.101:558-2",
55
[debug] &amp#27;[35m[BaseDriver]&amp#27;[39m     "appium:newCommandTimeout": 90
[debug] &amp#27;[35m[BaseDriver]&amp#27;[39m   },
[debug] &amp#27;[35m[BaseDriver]&amp#27;[39m   "firs[detMatch": [dbug] &amp#27;[3ebug] &amp#27;[35m[[
[[dedebuADB5m[ADB]&amp#27;[39m]&amp#27;[39m Running '/Usg] &amp#27;bug] &amp#27;[35m[ADB]&amp#27;[39m De[35mers Connected dev/jqorri/Li[BaseDrivvicer]brices: [{"udid":"192.ary/A&amp#27;[39m e API  ndro168id/s  {} lev
[debug] &amp#27;[35m[Bd.5k/platfoaseDriel: 24
ver]&amp#27;[39m rm-&amp#27;[to6.101:5555ols35m  ]
[debug] &amp#27;[[And/adb -P 5037 -","s 192roi35m[BaseDriver]dDriver]&amp#27;[.168.5state":"device"}]
6&amp#27;.[130139m N&amp#27;o5[m3\[:A559m }
 a55 sndhell gppetroiprop  srodDri.bent iuiver]&amp#27;[39ld.ven, rsion.sdm k'
not Usinpag drsievng paiceckag: 1e/a92ctivi.168.56ty
.101:5555
[debug] &amp#27;[35m[ADB]&amp#27;[39m Running '/Users/jqorri/Library/Android/sdk/platform-tools/adb -P 5037 -s 192.168.56.101\:5555 wait-for-device'
&amp#27;[35m[ADB]&amp#27;[39m Using 'adb' from '/Users/jqorri/Library/Android/sdk/platform-tools/adb'
[debug] &amp#27;[35m[ADB]&amp#27;[39m Setting device id to 192.168.56.101:5555
[debug] &amp#27;[35m[BaseDriver]&amp#27;[39m Creating session with W3C capabilities: {
[debug] &amp#27;[35m[ADB]&amp#27;[39m Running '/Users/jqorri/Library/Android/sdk/platform-tools/adb -P 5037 -s 192.168.56.101\:5555 shell getprop ro.build.version.sdk'
[debug] &amp#27;[35m[BaseDriver]&amp#27;[39m   "alwaysMatch": {
[debug] &amp#27;[35m[BaseDriver]&amp#27;[39m     "browserName": "chrome",
[debug] &amp#27;[35m[BaseDriver]&amp#27;[39m     "platformName": "android",
[debug] &amp#27;[35m[BaseDriver]&amp#27;[39m     "appium:chromedriverExecutable": "/Users/jqorri/.m2/repository/webdriver/chromedriver/mac64/79.0.3945.36/chromedriver",
[debug] &amp#27;[35m[BaseDriver]&amp#27;[39m     "appium:deviceName": "GalaxyS8-2",
[debug] &amp#27;[35m[BaseDriver]&amp#27;[39m     "appium:newCommandTimeout": 90
&amp#27;[35m[BaseDriver]&amp#27;[39m Session created with session id: 48e5bb0b-e933-4969-815c-5aefdd8d0796
&amp#27;[35m[UiAutomator2]&amp#27;[39m We're going to run a Chrome-based session
&amp#27;[35m[UiAutomator2]&amp#27;[39m Chrome-type package and act[idvity arebuge c] &amp#27;om.[3andr5m[oidADB]&amp#27;[39m Running '/.chUsers/jqorri/romLibe and com.google.android.apps.chrome.Main
rar&amp#27;y[/3A5nmd[rUoiiAdu/tsodmka/tploratf2]&amp#27;[39m Starting 'com.android.chorm-tools/adb -P 5037 -roms 192.168.56.e' d101\:5555ire shctly on the device
ell echo ping'
[debug] &amp#27;[35m[BaseDriver]&amp#27;[39m   },
[debug] &amp#27;[35m[BaseDriver]&amp#27;[39m   "firstMatch": [
[debug] &amp#27;[35m[ADB]&amp#27;[39m Current device property 'ro.build.version.sdk': 24
[debug] &amp#27;[35m[ADB]&amp#27;[39m Device API level: 24
&amp#27;[35m[AndroidDriver]&amp#27;[39m No app sent in, not parsing package/activity
[debug] &amp#27;[35m[ADB]&amp#27;[39m Running '/Users/jqorri/Library/Android/sdk/platform-tools/adb -P 5037 -s 192.168.56.101\:5555 wait-for-device'
&amp#27;[35m[ADB]&amp#27;[39m Found 1 'build-tools' folders under '/Users/jqorri/Library/Android/sdk' (newest first):
&amp#27;[35m[ADB]&amp#27;[39m     /Users/jqorri/Library/Android/sdk/build-tools/29.0.2
&amp#27;[[debug]3 &amp#27;[35m[B5m[ADB]&amp#27;[39m Using 'aasedb'Driver fr]&amp#27;om[3 '/9m Use  rs/jqorr i /{Library/A}
ndroid/sdk/platform-tools/adb'
&amp#27;[35m[AndroidDriver]&amp#27;[39m Retrieving device list
[debug] &amp#27;[35m[ADB]&amp#27;[39m Trying to find a connected android device
[debug] &amp#27;[35m[ADB]&amp#27;[39m Getting connected devices...
[debug] &amp#27;[35m[BaseDriver]&amp#27;[39m   ]
[debug] &amp#27;[35m[BaseDriver]&amp#27;[39m }
[debug] &amp#27;[35m[ADB]&amp#27;[39m Current device property 'ro.build.version.sdk': 24
[debug] &amp#27;[35m[ADB]&amp#27;[39m Device API level: 24
&amp#27;[35m[AndroidDriver]&amp#27;[39m No app sent in, not parsing package/activity
[[ddebug]ebug] &amp#27; &amp#27;[35m[AndroidDriver]&amp#27;[39m Pushing s[35metti[ADBng]&amp#27;[39m Runns[deb aping 'k to devicuge./U..
] &amp#27;s[35mers/j[Aqorri/DB]&amp#27;[39m LibraRunryning/ '/AndUseroirs/d/sjqordkri/Libra/pry/latAndrfooid/sdk/plarm-tools/atform-toodb -P 5037ls/ -s 192ad.16b -8.56.101\:5555P 503 shell ec7 -s 192.168.56.ho ping'
101\:5555 wait-for-device'
[debug] &amp#27;[35m[ADB]&amp#27;[39m Getting install status for io.appium.settings
[debug] &amp#27;[35m[ADB]&amp#27;[39m Running '/Users/jqorri/Library/Android/sdk/platform-tools/adb -P 5037 -s 192.168.56.101\:5555 shell dumpsys package io.appium.settings'
[debug] &amp#27;[35m[ADB]&amp#27;[39m Connected devices: [{"udid":"192.168.56.101:5555","state":"device"}]
&amp#27;[35m[AndroidDriver]&amp#27;[39m Using device: 192.168.56.101:5555
&amp#27;[35m[ADB]&amp#27;[39m Using 'adb' from '/Users/jqorri/Library/Android/sdk/platform-tools/adb'
[debug] &amp#27;[35m[ADB]&amp#27;[39m Setting device id to 192.168.56.101:5555
[debug] &amp#27;[35m[ADB]&amp#27;[39m Running '/Users/jqorri/Library/Android/sdk/platform-tools/adb -P 5037 -s 192.168.56.101\:5555 shell getprop ro.build.version.sdk'
[debug] &amp#27;[35m[ADB]&amp#27;[39m Running '/Users/jqorri/Library/Android/sdk/platform-tools/adb -P 5037 -s 192.168.56.101\:5555 shell echo ping'
[debug] &amp#27;[35m[AndroidDriver]&amp#27;[39m Pushing settings apk to device...
[debug] &amp#27;[35m[ADB]&amp#27;[39m Getting install status for io.appium.settings
[debug] &amp#27;[35m[ADB]&amp#27;[39m Running '/Users/jqorri/Library/Android/sdk/platform-tools/adb -P 5037 -s 192.168.56.101\:5555 shell dumpsys package io.appium.settings'
&amp#27;[35m[BaseDriver]&amp#27;[39m Session created with session id: cbf3d110-ca80-44fc-a2b6-ade0b653d973
&amp#27;[35m[UiAutomator2]&amp#27;[39m We're going to run a Chrome-based session
&amp#27;[35m[UiAutomator2]&amp#27;[39m Chrome-type package and activity are com.android.chrome and com.google.android.apps.chrome.Main
&amp#27;[35m[UiAutomator2]&amp#27;[39m Starting 'com.android.chrome' directly on the device
[debug] &amp#27;[35m[ADB]&amp#27;[39m 'io.appium.settings' is installed
[debug] &amp#27;[35m[ADB]&amp#27;[39m Getting package info for 'io.appium.settings'
[debug] &amp#27;[35m[ADB]&amp#27;[39m Running '/Users/jqorri/Library/Android/sdk/platform-tools/adb -P 5037 -s 192.168.56.101\:5555 shell dumpsys package io.appium.settings'
[debug] &amp#27;[35m[AndroidDriver]&amp#27;[39m Pushing settings apk to device...
[debug] &amp#27;[35m[ADB]&amp#27;[39m Getting install status for io.appium.settings
[debug] &amp#27;[35m[ADB]&amp#27;[39m Running '/Users/jqorri/Library/Android/sdk/platform-tools/adb -P 5037 -s 192.168.56.101\:5555 shell dumpsys package io.appium.settings'
&amp#27;[35m[ADB]&amp#27;[39m Found 1 'build-tools' folders under '/Users/jqorri/Library/Android/sdk' (newest first):
&amp#27;[35m[ADB]&amp#27;[39m     /Users/jqorri/Library/Android/sdk/build-tools/29.0.2
&amp#27;[35m[ADB]&amp#27;[39m Using 'adb' from '/Users/jqorri/Library/Android/sdk/platform-tools/adb'
&amp#27;[35m[AndroidDriver]&amp#27;[39m Retrieving device list
[debug] &amp#27;[35m[ADB]&amp#27;[39m Trying to find a connected android device
[debug] &amp#27;[35m[ADB]&amp#27;[39m Getting connected devices...
[debug] &amp#27;[35m[ADB]&amp#27;[39m 'io.appium.settings' is installed
[debug] &amp#27;[35m[ADB]&amp#27;[39m Getting package info for 'io.appium.settings'
[debug] &amp#27;[35m[ADB]&amp#27;[39m Running '/Users/jqorri/Library/Android/sdk/platform-tools/adb -P 5037 -s 192.168.56.101\:5555 shell dumpsys package io.appium.settings'
&amp#27;[35m[ADB]&amp#27;[39m Found 1 'build-tools' folders under '/Users/jqorri/Library/Android/sdk' (newest first):
&amp#27;[35m[ADB]&amp#27;[39m     /Users/jqorri/Library/Android/sdk/build-tools/29.0.2
[debug] &amp#27;[35m[ADB]&amp#27;[39m Current device property 'ro.build.version.sdk': 24
&amp#27;[35m[ADB]&amp#27;[39m Using 'adb' from '/Users/jqorri/Library/Android/sdk/platform-tools/adb'
&amp#27;[35m[AndroidDriver]&amp#27;[39m Retrieving device list
[debug] &amp#27;[35m[ADB]&amp#27;[39m Trying to find a connected android device
[debug] &amp#27;[35m[ADB]&amp#27;[39m Getting connected devices...
[debug] &amp#27;[35m[ADB]&amp#27;[39m Device API level: 24
&amp#27;[35m[AndroidDriver]&amp#27;[39m No app sent in, not parsing package/activity
[debug] &amp#27;[35m[ADB]&amp#27;[39m Running '/Users/jqorri/Library/Android/sdk/platform-tools/adb -P 5037 -s 192.168.56.101\:5555 wait-for-device'
&amp#27;[35m[ADB]&amp#27;[39m Using 'apkanalyzer' from '/Users/jqorri/Library/Android/sdk/tools/bin/apkanalyzer'
[debug] &amp#27;[35m[ADB]&amp#27;[39m Starting '/Users/jqorri/Library/Android/sdk/tools/bin/apkanalyzer' with args ["manifest","print","/usr/local/lib/node_modules/appium/node_modules/io.appium.settings/apks/settings_apk-debug.apk"]
[debug] &amp#27;[35m[ADB]&amp#27;[39m 'io.appium.settings' is installed
[debug] &amp#27;[35m[ADB]&amp#27;[39m Getting package info for 'io.appium.settings'
[debug] &amp#27;[35m[ADB]&amp#27;[39m Running '/Users/jqorri/Library/Android/sdk/platform-tools/adb -P 5037 -s 192.168.56.101\:5555 shell dumpsys package io.appium.settings'
[debug] &amp#27;[35m[ADB]&amp#27;[39m Connected devices: [{"udid":"192.168.56.101:5555","state":"device"}]
&amp#27;[35m[AndroidDriver]&amp#27;[39m Using device: 192.168.56.101:5555
&amp#27;[35m[ADB]&amp#27;[39m Using 'adb' from '/Users/jqorri/Library/Android/sdk/platform-tools/adb'
[debug] &amp#27;[35m[ADB]&amp#27;[39m Setting device id to 192.168.56.101:5555
[debug] &amp#27;[35m[ADB]&amp#27;[39m Running '/Users/jqorri/Library/Android/sdk/platform-tools/adb -P 5037 -s 192.168.56.101\:5555 shell echo ping'
&amp#27;[35m[ADB]&amp#27;[39m Using 'apkanalyzer' from '/Users/jqorri/Library/Android/sdk/tools/bin/apkanalyzer'
[debug] &amp#27;[35m[ADB]&amp#27;[39m Starting '/Users/jqorri/Library/Android/sdk/tools/bin/apkanalyzer' with args ["manifest","print","/usr/local/lib/node_modules/appium/node_modules/io.appium.settings/apks/settings_apk-debug.apk"]
[debug] &amp#27;[35m[ADB]&amp#27;[39m Connected devices: [{"udid":"192.168.56.101:5555","state":"device"}]
&amp#27;[35m[AndroidDriver]&amp#27;[39m Using device: 192.168.56.101:5555
&amp#27;[35m[ADB]&amp#27;[39m Using 'adb' from '/Users/jqorri/Library/Android/sdk/platform-tools/adb'
[debug] &amp#27;[35m[ADB]&amp#27;[39m Setting device id to 192.168.56.101:5555
[debug] &amp#27;[35m[ADB]&amp#27;[39m Running '/Users/jqorri/Library/Android/sdk/platform-tools/adb -P 5037 -s 192.168.56.101\:5555 shell getprop ro.build.version.sdk'
[debug] &amp#27;[35m[AndroidDriver]&amp#27;[39m Pushing settings apk to device...
[debug] &amp#27;[35m[ADB]&amp#27;[39m Getting install status for io.appium.settings
[debug] &amp#27;[35m[ADB]&amp#27;[39m Running '/Users/jqorri/Library/Android/sdk/platform-tools/adb -P 5037 -s 192.168.56.101\:5555 shell dumpsys package io.appium.settings'
[debug] &amp#27;[35m[ADB]&amp#27;[39m Running '/Users/jqorri/Library/Android/sdk/platform-tools/adb -P 5037 -s 192.168.56.101\:5555 shell getprop ro.build.version.sdk'
&amp#27;[35m[ADB]&amp#27;[39m Found 1 'build-tools' folders under '/Users/jqorri/Library/Android/sdk' (newest first):
&amp#27;[35m[ADB]&amp#27;[39m     /Users/jqorri/Library/Android/sdk/build-tools/29.0.2
&amp#27;[35m[ADB]&amp#27;[39m Using 'apkanalyzer' from '/Users/jqorri/Library/Android/sdk/tools/bin/apkanalyzer'
[debug] &amp#27;[35m[ADB]&amp#27;[39m Starting '/Users/jqorri/Library/Android/sdk/tools/bin/apkanalyzer' with args ["manifest","print","/usr/local/lib/node_modules/appium/node_modules/io.appium.settings/apks/settings_apk-debug.apk"]
&amp#27;[35m[ADB]&amp#27;[39m Using 'adb' from '/Users/jqorri/Library/Android/sdk/platform-tools/adb'
&amp#27;[35m[AndroidDriver]&amp#27;[39m Retrieving device list
[debug] &amp#27;[35m[ADB]&amp#27;[39m Trying to find a connected android device
[debug] &amp#27;[35m[ADB]&amp#27;[39m Getting connected devices...
[debug] &amp#27;[35m[ADB]&amp#27;[39m Current device property 'ro.build.version.sdk': 24
[debug] &amp#27;[35m[ADB]&amp#27;[39m Device API level: 24
&amp#27;[35m[AndroidDriver]&amp#27;[39m No app sent in, not parsing package/activity
[debug] &amp#27;[35m[ADB]&amp#27;[39m Running '/Users/jqorri/Library/Android/sdk/platform-tools/adb -P 5037 -s 192.168.56.101\:5555 wait-for-device'
[debug] &amp#27;[35m[ADB]&amp#27;[39m Current device property 'ro.build.version.sdk': 24
[debug] &amp#27;[35m[ADB]&amp#27;[39m Device API level: 24
&amp#27;[35m[AndroidDriver]&amp#27;[39m No app sent in, not parsing package/activity
[debug] &amp#27;[35m[ADB]&amp#27;[39m Running '/Users/jqorri/Library/Android/sdk/platform-tools/adb -P 5037 -s 192.168.56.101\:5555 wait-for-device'
[debug] &amp#27;[35m[ADB]&amp#27;[39m Connected devices: [{"udid":"192.168.56.101:5555","state":"device"}]
&amp#27;[35m[AndroidDriver]&amp#27;[39m Using device: 192.168.56.101:5555
&amp#27;[35m[ADB]&amp#27;[39m Using 'adb' from '/Users/jqorri/Library/Android/sdk/platform-tools/adb'
[debug] &amp#27;[35m[ADB]&amp#27;[39m Setting device id to 192.168.56.101:5555
[debug] &amp#27;[35m[ADB]&amp#27;[39m Running '/Users/jqorri/Library/Android/sdk/platform-tools/adb -P 5037 -s 192.168.56.101\:5555 shell getprop ro.build.version.sdk'
[debug] &amp#27;[35m[ADB]&amp#27;[39m Running '/Users/jqorri/Library/Android/sdk/platform-tools/adb -P 5037 -s 192.168.56.101\:5555 shell echo ping'
[debug] &amp#27;[35m[ADB]&amp#27;[39m 'io.appium.settings' is installed
[debug] &amp#27;[35m[ADB]&amp#27;[39m Getting package info for 'io.appium.settings'
[debug] &amp#27;[35m[ADB]&amp#27;[39m Running '/Users/jqorri/Library/Android/sdk/platform-tools/adb -P 5037 -s 192.168.56.101\:5555 shell dumpsys package io.appium.settings'
[debug] &amp#27;[35m[ADB]&amp#27;[39m Running '/Users/jqorri/Library/Android/sdk/platform-tools/adb -P 5037 -s 192.168.56.101\:5555 shell echo ping'
[debug] &amp#27;[35m[ADB]&amp#27;[39m Current device property 'ro.build.version.sdk': 24
[debug] &amp#27;[35m[ADB]&amp#27;[39m Device API level: 24
&amp#27;[35m[AndroidDriver]&amp#27;[39m No app sent in, not parsing package/activity
[debug] &amp#27;[35m[ADB]&amp#27;[39m Running '/Users/jqorri/Library/Android/sdk/platform-tools/adb -P 5037 -s 192.168.56.101\:5555 wait-for-device'
[debug] &amp#27;[35m[AndroidDriver]&amp#27;[39m Pushing settings apk to device...
[debug] &amp#27;[35m[ADB]&amp#27;[39m Getting install status for io.appium.settings
[debug] &amp#27;[35m[ADB]&amp#27;[39m Running '/Users/jqorri/Library/Android/sdk/platform-tools/adb -P 5037 -s 192.168.56.101\:5555 shell dumpsys package io.appium.settings'
[debug] &amp#27;[35m[AndroidDriver]&amp#27;[39m Pushing settings apk to device...
[debug] &amp#27;[35m[ADB]&amp#27;[39m Getting install status for io.appium.settings
[debug] &amp#27;[35m[ADB]&amp#27;[39m Running '/Users/jqorri/Library/Android/sdk/platform-tools/adb -P 5037 -s 192.168.56.101\:5555 shell dumpsys package io.appium.settings'
[debug] &amp#27;[35m[ADB]&amp#27;[39m Running '/Users/jqorri/Library/Android/sdk/platform-tools/adb -P 5037 -s 192.168.56.101\:5555 shell echo ping'
[debug] &amp#27;[35m[AndroidDriver]&amp#27;[39m Pushing settings apk to device...
&amp#27;[35m[ADB]&amp#27;[39m Using 'apkanalyzer' from '/Users/jqorri/Library/Android/sdk/tools/bin/apkanalyzer'
[debug] &amp#27;[35m[ADB]&amp#27;[39m Starting '/Users/jqorri/Library/Android/sdk/tools/bin/apkanalyzer' with args ["manifest","print","/usr/local/lib/node_modules/appium/node_modules/io.appium.settings/apks/settings_apk-debug.apk"]
[debug] &amp#27;[35m[ADB]&amp#27;[39m Getting install status for io.appium.settings
[debug] &amp#27;[35m[ADB]&amp#27;[39m Running '/Users/jqorri/Library/Android/sdk/platform-tools/adb -P 5037 -s 192.168.56.101\:5555 shell dumpsys package io.appium.settings'
[debug] &amp#27;[35m[ADB]&amp#27;[39m 'io.appium.settings' is installed
[debug] &amp#27;[35m[ADB]&amp#27;[39m Getting package info for 'io.appium.settings'
[debug] &amp#27;[35m[ADB]&amp#27;[39m Running '/Users/jqorri/Library/Android/sdk/platform-tools/adb -P 5037 -s 192.168.56.101\:5555 shell dumpsys package io.appium.settings'
[debug] &amp#27;[35m[ADB]&amp#27;[39m 'io.appium.settings' is installed
[debug] &amp#27;[35m[ADB]&amp#27;[39m Getting package info for 'io.appium.settings'
[debug] &amp#27;[35m[ADB]&amp#27;[39m Running '/Users/jqorri/Library/Android/sdk/platform-tools/adb -P 5037 -s 192.168.56.101\:5555 shell dumpsys package io.appium.settings'
[debug] &amp#27;[35m[ADB]&amp#27;[39m 'io.appium.settings' is installed
[debug] &amp#27;[35m[ADB]&amp#27;[39m Getting package info for 'io.appium.settings'
[debug] &amp#27;[35m[ADB]&amp#27;[39m Running '/Users/jqorri/Library/Android/sdk/platform-tools/adb -P 5037 -s 192.168.56.101\:5555 shell dumpsys package io.appium.settings'
&amp#27;[35m[ADB]&amp#27;[39m Using 'apkanalyzer' from '/Users/jqorri/Library/Android/sdk/tools/bin/apkanalyzer'
[debug] &amp#27;[35m[ADB]&amp#27;[39m Starting '/Users/jqorri/Library/Android/sdk/tools/bin/apkanalyzer' with args ["manifest","print","/usr/local/lib/node_modules/appium/node_modules/io.appium.settings/apks/settings_apk-debug.apk"]
&amp#27;[35m[ADB]&amp#27;[39m Using 'apkanalyzer' from '/Users/jqorri/Library/Android/sdk/tools/bin/apkanalyzer'
[debug] &amp#27;[35m[ADB]&amp#27;[39m Starting '/Users/jqorri/Library/Android/sdk/tools/bin/apkanalyzer' with args ["manifest","print","/usr/local/lib/node_modules/appium/node_modules/io.appium.settings/apks/settings_apk-debug.apk"]
&amp#27;[35m[ADB]&amp#27;[39m Using 'apkanalyzer' from '/Users/jqorri/Library/Android/sdk/tools/bin/apkanalyzer'
[debug] &amp#27;[35m[ADB]&amp#27;[39m Starting '/Users/jqorri/Library/Android/sdk/tools/bin/apkanalyzer' with args ["manifest","print","/usr/local/lib/node_modules/appium/node_modules/io.appium.settings/apks/settings_apk-debug.apk"]
[debug] &amp#27;[35m[ADB]&amp#27;[39m The version name of the installed 'io.appium.settings' is greater or equal to the application version name ('2.14.2' >= '2.14.2')
[debug] &amp#27;[35m[ADB]&amp#27;[39m There is no need to install/upgrade '/usr/local/lib/node_modules/appium/node_modules/io.appium.settings/apks/settings_apk-debug.apk'
[debug] &amp#27;[35m[ADB]&amp#27;[39m Getting IDs of all 'io.appium.settings' processes
[debug] &amp#27;[35m[ADB]&amp#27;[39m Running '/Users/jqorri/Library/Andro[diebd/sdk/platfug] &amp#27;orm-tools[35m[/adADB]&amp#27;[39m The version name ob -f the installed 'io.aP 50ppium.se37 -stting 192.16s' i8.56.1s greater o01\:5555 shell 'pgrep r equ--heal lp;to th echo $?''
e application version name ('2.14.2' >= '2.14.2')
[debug] &amp#27;[35m[ADB]&amp#27;[39m There is no need to install/upgrade '/usr/local/lib/node_modules/appium/node_modules/io.appium.settings/apks/settings_apk-debug.apk'
[debug] &amp#27;[35m[ADB]&amp#27;[39m Getting IDs of all 'io.appium.settings' processes
[debug] &amp#27;[35m[ADB]&amp#27;[39m Running '/Users/jqorri/Library/Android/sdk/platform-tools/adb -P 5037 -s 192.168.56.101\:5555 shell 'pgrep --help; echo $?''
[debug] &amp#27;[35m[ADB]&amp#27;[39m Running '/Users/jqorri/Library/Android/sdk/platform-tools/adb -P 5037 -s 192.168.56.101\:5555 shell pgrep \^appium\\.settings\$'
[debug] &amp#27;[35m[ADB]&amp#27;[39m Running '/Users/jqorri/Library/Android/sdk/platform-tools/adb -P 5037 -s 192.168.56.101\:5555 shell pgrep \^appium\\.settings\$'
[debug] &amp#27;[35m[ADB]&amp#27;[39m The version name of the installed 'io.appium.settings' is greater or equal to the application version name ('2.14.2' >= '2.14.2')
[debug] &amp#27;[35m[ADB]&amp#27;[39m There is no need to install/upgrade '/usr/local/lib/node_modules/appium/node_modules/io.appium.settings/apks/settings_apk-debug.apk'
[debug] &amp#27;[35m[ADB]&amp#27;[39m Getting IDs of all 'io.appium.settings' processes
[debug] &amp#27;[35m[ADB]&amp#27;[39m Running '/Users/jqorri/Library/Android/sdk/platform-tools/adb -P 5037 -s 192.168.56.101\:5555 shell 'pgrep --help; echo $?''
[debug] &amp#27;[35m[ADB]&amp#27;[39m The version name of the installed 'io.appium.settings' is greater or equal to the application version name ('2.14.2' >= '2.14.2')
[debug] &amp#27;[35m[ADB]&amp#27;[39m There is no need to install/upgrade '/usr/local/lib/node_modules/appium/node_modules/io.appium.settings/apks/settings_apk-debug.apk'
[debug] &amp#27;[35m[ADB]&amp#27;[39m Getting IDs of all 'io.appium.settings' processes
[debug] &amp#27;[35m[ADB]&amp#27;[39m Running '/Users/jqorri/Library/Android/sdk/platform-tools/adb -P 5037 -s 192.168.56.101\:5555 shell 'pgrep --help; echo $?''
[debug] &amp#27;[35m[AndroidDriver]&amp#27;[39m io.appium.settings is already running. There is no need to reset its permissions.
[debug] &amp#27;[35m[ADB]&amp#27;[39m Running '/Users/jqorri/Library/Android/sdk/platform-tools/adb -P 5037 -s 192.168.56.101\:5555 shell appops set io.appium.settings android\:mock_location allow'
[debug] &amp#27;[35m[AndroidDriver]&amp#27;[39m io.appium.settings is already running. There is no need to reset its permissions.
[debug] &amp#27;[35m[ADB]&amp#27;[39m Running '/Users/jqorri/Library/Android/sdk/platform-tools/adb -P 5037 -s 192.168.56.101\:5555 shell appops set io.appium.settings android\:mock_location allow'
[debug] &amp#27;[35m[ADB]&amp#27;[39m Running '/Users/jqorri/Library/Android/sdk/platform-tools/adb -P 5037 -s 192.168.56.101\:5555 shell pgrep \^appium\\.settings\$'
[debug] &amp#27;[35m[ADB]&amp#27;[39m Running '/Users/jqorri/Library/Android/sdk/platform-tools/adb -P 5037 -s 192.168.56.101\:5555 shell pgrep \^appium\\.settings\$'
[debug] &amp#27;[35m[Logcat]&amp#27;[39m Starting logcat capture
[debug] &amp#27;[35m[AndroidDriver]&amp#27;[39m io.appium.settings is already running. There is no need to reset its permissions.
[debug] &amp#27;[35m[ADB]&amp#27;[39m Running '/Users/jqorri/Library/Android/sdk/platform-tools/adb -P 5037 -s 192.168.56.101\:5555 shell appops set io.appium.settings android\:mock_location allow'
[debug] &amp#27;[35m[Logcat]&amp#27;[39m Starting logcat capture
[debug] &amp#27;[35m[AndroidDriver]&amp#27;[39m io.appium.settings is already running. There is no need to reset its permissions.
[debug] &amp#27;[35m[ADB]&amp#27;[39m Running '/Users/jqorri/Library/Android/sdk/platform-tools/adb -P 5037 -s 192.168.56.101\:5555 shell appops set io.appium.settings android\:mock_location allow'
[debug] &amp#27;[35m[ADB]&amp#27;[39m Getting install status for io.appium.uiautomator2.server
[debug] &amp#27;[35m[ADB]&amp#27;[39m Running '/Users/jqorri/Library/Android/sdk/platform-tools/adb -P 5037 -s 192.168.56.101\:5555 shell dumpsys package io.appium.uiautomator2.server'
[debug] &amp#27;[35m[ADB]&amp#27;[39m Getting install status for io.appium.uiautomator2.server
[debug] &amp#27;[35m[ADB]&amp#27;[39m Running '/Users/jqorri/Library/Android/sdk/platform-tools/adb -P 5037 -s 192.168.56.101\:5555 shell dumpsys package io.appium.uiautomator2.server'
[debug] &amp#27;[35m[Logcat]&amp#27;[39m Starting logcat capture
[debug] &amp#27;[35m[ADB]&amp#27;[39m The version name of the installed 'io.appium.settings' is greater or equal to the application version name ('2.14.2' >= '2.14.2')
[debug] &amp#27;[35m[ADB]&amp#27;[39m There is no need to install/upgrade '/usr/local/lib/node_modules/appium/node_modules/io.appium.settings/apks/settings_apk-debug.apk'
[debug] &amp#27;[35m[ADB]&amp#27;[39m Getting IDs of all 'io.appium.settings' processes
[debug] &amp#27;[35m[ADB]&amp#27;[39m Running '/Users/jqorri/Library/Android/sdk/platform-tools/adb -P 5037 -s 192.168.56.101\:5555 shell 'pgrep --help; echo $?''
[debug] &amp#27;[35m[ADB]&amp#27;[39m 'io.appium.uiautomator2.server' is installed
[debug] &amp#27;[35m[ADB]&amp#27;[39m Getting package info for 'io.appium.uiautomator2.server'
[debug] &amp#27;[35m[ADB]&amp#27;[39m Running '/Users/jqorri/Library/Android/sdk/platform-tools/adb -P 5037 -s 192.168.56.101\:5555 shell dumpsys package io.appium.uiautomator2.server'
[debug] &amp#27;[35m[Logcat]&amp#27;[39m Starting logcat capture
[debug] &amp#27;[35m[ADB]&amp#27;[39m The version name of the installed 'io.appium.settings' is greater or equal to the application version name ('2.14.2' >= '2.14.2')
[debug] &amp#27;[35m[ADB]&amp#27;[39m There is no need to install/upgrade '/usr/local/lib/node_modules/appium/node_modules/io.appium.settings/apks/settings_apk-debug.apk'
[debug] &amp#27;[35m[ADB]&amp#27;[39m Getting IDs of all 'io.appium.settings' processes
[debug] &amp#27;[35m[ADB]&amp#27;[39m Running '/Users/jqorri/Library/Android/sdk/platform-tools/adb -P 5037 -s 192.168.56.101\:5555 shell 'pgrep --help; echo $?''
[debug] &amp#27;[35m[ADB]&amp#27;[39m 'io.appium.uiautomator2.server' is installed
[debug] &amp#27;[35m[ADB]&amp#27;[39m Getting package info for 'io.appium.uiautomator2.server'
[debug] &amp#27;[35m[ADB]&amp#27;[39m Running '/Users/jqorri/Library/Android/sdk/platform-tools/adb -P 5037 -s 192.168.56.101\:5555 shell dumpsys package io.appium.uiautomator2.server'
[debug] &amp#27;[35m[ADB]&amp#27;[39m Getting install status for io.appium.uiautomator2.server
[debug] &amp#27;[35m[ADB]&amp#27;[39m Running '/Users/jqorri/Library/Android/sdk/platform-tools/adb -P 5037 -s 192.168.56.101\:5555 shell dumpsys package io.appium.uiautomator2.server'
[debug] &amp#27;[35m[ADB]&amp#27;[39m Running '/Users/jqorri/Library/Android/sdk/platform-tools/adb -P 5037 -s 192.168.56.101\:5555 shell pgrep \^appium\\.settings\$'
[debug] &amp#27;[35m[ADB]&amp#27;[39m Starting '/Users/jqorri/Library/Android/sdk/tools/bin/apkanalyzer' with args ["manifest","print","/usr/local/lib/node_modules/appium/node_modules/appium-uiautomator2-server/apks/appium-uiautomator2-server-v4.3.0.apk"]
[debug] &amp#27;[35m[ADB]&amp#27;[39m Starting '/Users/jqorri/Library/Android/sdk/tools/bin/apkanalyzer' with args ["manifest","print","/usr/local/lib/node_modules/appium/node_modules/appium-uiautomator2-server/apks/appium-uiautomator2-server-v4.3.0.apk"]
[debug] &amp#27;[35m[ADB]&amp#27;[39m Running '/Users/jqorri/Library/Android/sdk/platform-tools/adb -P 5037 -s 192.168.56.101\:5555 shell pgrep \^appium\\.settings\$'
[debug] &amp#27;[35m[ADB]&amp#27;[39m Getting install status for io.appium.uiautomator2.server
[debug] &amp#27;[35m[ADB]&amp#27;[39m Running '/Users/jqorri/Library/Android/sdk/platform-tools/adb -P 5037 -s 192.168.56.101\:5555 shell dumpsys package io.appium.uiautomator2.server'
[debug] &amp#27;[35m[ADB]&amp#27;[39m 'io.appium.uiautomator2.server' is installed
[debug] &amp#27;[35m[ADB]&amp#27;[39m Getting package info for 'io.appium.uiautomator2.server'
[debug] &amp#27;[35m[ADB]&amp#27;[39m Running '/Users/jqorri/Library/Android/sdk/platform-tools/adb -P 5037 -s 192.168.56.101\:5555 shell dumpsys package io.appium.uiautomator2.server'
[debug] &amp#27;[35m[AndroidDriver]&amp#27;[39m io.appium.settings is already running. There is no need to reset its permissions.
[debug] &amp#27;[35m[ADB]&amp#27;[39m Running '/Users/jqorri/Library/Android/sdk/platform-tools/adb -P 5037 -s 192.168.56.101\:5555 shell appops set io.appium.settings android\:mock_location allow'
[debug] &amp#27;[35m[AndroidDriver]&amp#27;[39m io.appium.settings is already running. There is no need to reset its permissions.
[debug] &amp#27;[35m[ADB]&amp#27;[39m Running '/Users/jqorri/Library/Android/sdk/platform-tools/adb -P 5037 -s 192.168.56.101\:5555 shell appops set io.appium.settings android\:mock_location allow'
[debug] &amp#27;[35m[ADB]&amp#27;[39m 'io.appium.uiautomator2.server' is installed
[debug] &amp#27;[35m[ADB]&amp#27;[39m Getting package info for 'io.appium.uiautomator2.server'
[debug] &amp#27;[35m[ADB]&amp#27;[39m Running '/Users/jqorri/Library/Android/sdk/platform-tools/adb -P 5037 -s 192.168.56.101\:5555 shell dumpsys package io.appium.uiautomator2.server'
[debug] &amp#27;[35m[ADB]&amp#27;[39m The version name of the installed 'io.appium.settings' is greater or equal to the application version name ('2.14.2' >= '2.14.2')
[debug] &amp#27;[35m[ADB]&amp#27;[39m There is no need to install/upgrade '/usr/local/lib/node_modules/appium/node_modules/io.appium.settings/apks/settings_apk-debug.apk'
[debug] &amp#27;[35m[ADB]&amp#27;[39m Getting IDs of all 'io.appium.settings' processes
[debug] &amp#27;[35m[ADB]&amp#27;[39m Running '/Users/jqorri/Library/Android/sdk/platform-tools/adb -P 5037 -s 192.168.56.101\:5555 shell 'pgrep --help; echo $?''
[debug] &amp#27;[35m[ADB]&amp#27;[39m Starting '/Users/jqorri/Library/Android/sdk/tools/bin/apkanalyzer' with args ["manifest","print","/usr/local/lib/node_modules/appium/node_modules/appium-uiautomator2-server/apks/appium-uiautomator2-server-v4.3.0.apk"]
[debug] &amp#27;[35m[Logcat]&amp#27;[39m Starting logcat capture
[debug] &amp#27;[35m[Logcat]&amp#27;[39m Starting logcat capture
[debug] &amp#27;[35m[ADB]&amp#27;[39m Starting '/Users/jqorri/Library/Android/sdk/tools/bin/apkanalyzer' with args ["manifest","print","/usr/local/lib/node_modules/appium/node_modules/appium-uiautomator2-server/apks/appium-uiautomator2-server-v4.3.0.apk"]
[debug] &amp#27;[35m[ADB]&amp#27;[39m Running '/Users/jqorri/Library/Android/sdk/platform-tools/adb -P 5037 -s 192.168.56.101\:5555 shell pgrep \^appium\\.settings\$'
[debug] &amp#27;[35m[ADB]&amp#27;[39m Getting install status for io.appium.uiautomator2.server
[debug] &amp#27;[35m[ADB]&amp#27;[39m Running '/Users/jqorri/Library/Android/sdk/platform-tools/adb -P 5037 -s 192.168.56.101\:5555 shell dumpsys package io.appium.uiautomator2.server'
[debug] &amp#27;[35m[AndroidDriver]&amp#27;[39m io.appium.settings is already running. There is no need to reset its permissions.
[debug] &amp#27;[35m[ADB]&amp#27;[39m Running '/Users/jqorri/Library/Android/sdk/platform-tools/adb -P 5037 -s 192.168.56.101\:5555 shell appops set io.appium.settings android\:mock_location allow'
[debug] &amp#27;[35m[ADB]&amp#27;[39m Getting install status for io.appium.uiautomator2.server
[debug] &amp#27;[35m[ADB]&amp#27;[39m Running '/Users/jqorri/Library/Android/sdk/platform-tools/adb -P 5037 -s 192.168.56.101\:5555 shell dumpsys package io.appium.uiautomator2.server'
[debug] &amp#27;[35m[ADB]&amp#27;[39m 'io.appium.uiautomator2.server' is installed
[debug] &amp#27;[35m[ADB]&amp#27;[39m Getting package info for 'io.appium.uiautomator2.server'
[debug] &amp#27;[35m[ADB]&amp#27;[39m Running '/Users/jqorri/Library/Android/sdk/platform-tools/adb -P 5037 -s 192.168.56.101\:5555 shell dumpsys package io.appium.uiautomator2.server'
[debug] &amp#27;[35m[ADB]&amp#27;[39m 'io.appium.uiautomator2.server' is installed
[debug] &amp#27;[35m[ADB]&amp#27;[39m Getting package info for 'io.appium.uiautomator2.server'
[debug] &amp#27;[35m[ADB]&amp#27;[39m Running '/Users/jqorri/Library/Android/sdk/platform-tools/adb -P 5037 -s 192.168.56.101\:5555 shell dumpsys package io.appium.uiautomator2.server'
[debug] &amp#27;[35m[Logcat]&amp#27;[39m Starting logcat capture
[debug] &amp#27;[35m[ADB]&amp#27;[39m Starting '/Users/jqorri/Library/Android/sdk/tools/bin/apkanalyzer' with args ["manifest","print","/usr/local/lib/node_modules/appium/node_modules/appium-uiautomator2-server/apks/appium-uiautomator2-server-v4.3.0.apk"]
[debug] &amp#27;[35m[ADB]&amp#27;[39m Starting '/Users/jqorri/Library/Android/sdk/tools/bin/apkanalyzer' with args ["manifest","print","/usr/local/lib/node_modules/appium/node_modules/appium-uiautomator2-server/apks/appium-uiautomator2-server-v4.3.0.apk"]
[debug] &amp#27;[35m[ADB]&amp#27;[39m Getting install status for io.appium.uiautomator2.server
[debug] &amp#27;[35m[ADB]&amp#27;[39m Running '/Users/jqorri/Library/Android/sdk/platform-tools/adb -P 5037 -s 192.168.56.101\:5555 shell dumpsys package io.appium.uiautomator2.server'
[debug] &amp#27;[35m[ADB]&amp#27;[39m 'io.appium.uiautomator2.server' is installed
[debug] &amp#27;[35m[ADB]&amp#27;[39m Getting package info for 'io.appium.uiautomator2.server'
[debug] &amp#27;[35m[ADB]&amp#27;[39m Running '/Users/jqorri/Library/Android/sdk/platform-tools/adb -P 5037 -s 192.168.56.101\:5555 shell dumpsys package io.appium.uiautomator2.server'
[debug] &amp#27;[35m[ADB]&amp#27;[39m Starting '/Users/jqorri/Library/Android/sdk/tools/bin/apkanalyzer' with args ["manifest","print","/usr/local/lib/node_modules/appium/node_modules/appium-uiautomator2-server/apks/appium-uiautomator2-server-v4.3.0.apk"]
[debug] &amp#27;[35m[ADB]&amp#27;[39m The version name of the installed 'io.appium.uiautomator2.server' is greater or equal to the application version name ('4.3.0' >= '4.3.0')
[...]
[debug] &amp#27;[35m[BaseDriver]&amp#27;[39m Event 'newSessionStarted' logged at 1579729635559 (16:47:15 GMT-0500 (Eastern Standard Time))
[debug] &amp#27;[35m[W3C]&amp#27;[39m Encountered internal error running command: UnknownError: An unknown server-side error occurred while processing the command. Original error: Could not proxy command to remote server. Original error: Error: connect ECONNREFUSED 127.0.0.1:8200
[debug] &amp#27;[35m[W3C]&amp#27;[39m     at JWProxy.command (/usr/local/lib/node_modules/appium/node_modules/appium-base-driver/lib/jsonwp-proxy/proxy.js:261:13)
&amp#27;[35m[HTTP]&amp#27;[39m &amp#27;[37m<-- POST /wd/hub/session &amp#27;[39m&amp#27;[31m500&amp#27;[39m &amp#27;[90m17637 ms - 572&amp#27;[39m
&amp#27;[35m[HTTP]&amp#27;[39m &amp#27;[90m&amp#27;[39m
]]></system-out>
  </testcase>
  <testcase name="runScenario" classname="RunCucumberTest" time="48.76">
    <failure message="Unable to create a new remote session. Please check the server log for more details. Original error: An unknown server-side error occurred while processing the command. Original error: The instrumentation process cannot be initialized within 30000ms timeout. Make sure the application under test does not crash and investigate the logcat output. You could also try to increase the value of &apos;uiautomator2ServerLaunchTimeout&apos; capability. &#10;Build info: version: &apos;3.141.59&apos;, revision: &apos;e82be7d358&apos;, time: &apos;2018-11-14T08:17:03&apos;&#10;System info: host: &apos;COV-JQORRI-MBP.fios-router.home&apos;, ip: &apos;192.168.1.151&apos;, os.name: &apos;Mac OS X&apos;, os.arch: &apos;x86_64&apos;, os.version: &apos;10.14.6&apos;, java.version: &apos;1.8.0_221&apos;&#10;Driver info: driver.version: AndroidDriver&#10;remote stacktrace: UnknownError: An unknown server-side error occurred while processing the command. Original error: The instrumentation process cannot be initialized within 30000ms timeout. Make sure the application under test does not crash and investigate the logcat output. You could also try to increase the value of &apos;uiautomator2ServerLaunchTimeout&apos; capability. &#10;    at getResponseForW3CError (/usr/local/lib/node_modules/appium/node_modules/appium-base-driver/lib/protocol/errors.js:804:9)&#10;    at asyncHandler (/usr/local/lib/node_modules/appium/node_modules/appium-base-driver/lib/protocol/protocol.js:388:37)&#10;Build info: version: &apos;3.141.59&apos;, revision: &apos;e82be7d358&apos;, time: &apos;2018-11-14T08:17:03&apos;&#10;System info: host: &apos;COV-JQORRI-MBP.fios-router.home&apos;, ip: &apos;192.168.1.151&apos;, os.name: &apos;Mac OS X&apos;, os.arch: &apos;x86_64&apos;, os.version: &apos;10.14.6&apos;, java.version: &apos;1.8.0_221&apos;&#10;Driver info: driver.version: AndroidDriver" type="org.openqa.selenium.SessionNotCreatedException">org.openqa.selenium.SessionNotCreatedException: 
Unable to create a new remote session. Please check the server log for more details. Original error: An unknown server-side error occurred while processing the command. Original error: The instrumentation process cannot be initialized within 30000ms timeout. Make sure the application under test does not crash and investigate the logcat output. You could also try to increase the value of 'uiautomator2ServerLaunchTimeout' capability. 
Build info: version: '3.141.59', revision: 'e82be7d358', time: '2018-11-14T08:17:03'
System info: host: 'COV-JQORRI-MBP.fios-router.home', ip: '192.168.1.151', os.name: 'Mac OS X', os.arch: 'x86_64', os.version: '10.14.6', java.version: '1.8.0_221'
Driver info: driver.version: AndroidDriver
remote stacktrace: UnknownError: An unknown server-side error occurred while processing the command. Original error: The instrumentation process cannot be initialized within 30000ms timeout. Make sure the application under test does not crash and investigate the logcat output. You could also try to increase the value of 'uiautomator2ServerLaunchTimeout' capability. 
    at getResponseForW3CError (/usr/local/lib/node_modules/appium/node_modules/appium-base-driver/lib/protocol/errors.js:804:9)
    at asyncHandler (/usr/local/lib/node_modules/appium/node_modules/appium-base-driver/lib/protocol/protocol.js:388:37)
Build info: version: '3.141.59', revision: 'e82be7d358', time: '2018-11-14T08:17:03'
System info: host: 'COV-JQORRI-MBP.fios-router.home', ip: '192.168.1.151', os.name: 'Mac OS X', os.arch: 'x86_64', os.version: '10.14.6', java.version: '1.8.0_221'
Driver info: driver.version: AndroidDriver
Caused by: java.lang.reflect.InvocationTargetException
Caused by: org.openqa.selenium.WebDriverException: 
An unknown server-side error occurred while processing the command. Original error: The instrumentation process cannot be initialized within 30000ms timeout. Make sure the application under test does not crash and investigate the logcat output. You could also try to increase the value of 'uiautomator2ServerLaunchTimeout' capability. 
Build info: version: '3.141.59', revision: 'e82be7d358', time: '2018-11-14T08:17:03'
System info: host: 'COV-JQORRI-MBP.fios-router.home', ip: '192.168.1.151', os.name: 'Mac OS X', os.arch: 'x86_64', os.version: '10.14.6', java.version: '1.8.0_221'
Driver info: driver.version: AndroidDriver
remote stacktrace: UnknownError: An unknown server-side error occurred while processing the command. Original error: The instrumentation process cannot be initialized within 30000ms timeout. Make sure the application under test does not crash and investigate the logcat output. You could also try to increase the value of 'uiautomator2ServerLaunchTimeout' capability. 
    at getResponseForW3CError (/usr/local/lib/node_modules/appium/node_modules/appium-base-driver/lib/protocol/errors.js:804:9)
    at asyncHandler (/usr/local/lib/node_modules/appium/node_modules/appium-base-driver/lib/protocol/protocol.js:388:37)
</failure>
    <system-out><![CDATA[[debug] &amp#27;[35m[WD Proxy]&amp#27;[39m Matched '/status' to command name 'getStatus'
[debug] &amp#27;[35m[WD Proxy]&amp#27;[39m Proxying [GET /status] to [GET http://localhost:8200/wd/hub/status] with no body
&amp#27;[35m[WD Proxy]&amp#27;[39m Got an unexpected response with status undefined: {"errno":"ECONNREFUSED","code":"ECONNREFUSED","syscall":"connect","address":"127.0.0.1","port":8200}
[debug] &amp#27;[35m[WD Proxy]&amp#27;[39m Matched '/status' to command name 'getStatus'
[debug] &amp#27;[35m[WD Proxy]&amp#27;[39m Proxying [GET /status] to [GET http://localhost:8200/wd/hub/status] with no body
&amp#27;[35m[WD Proxy]&amp#27;[39m Got an unexpected response with status undefined: {"errno":"ECONNREFUSED","code":"ECONNREFUSED","syscall":"connect","address":"127.0.0.1","port":8200}
[debug] &amp#27;[35m[WD Proxy]&amp#27;[39m Matched '/status' to command name 'getStatus'
[debug] &amp#27;[35m[WD Proxy]&amp#27;[39m Proxying [GET /status] to [GET http://localhost:8200/wd/hub/status] with no body
&amp#27;[35m[WD Proxy]&amp#27;[39m Got an unexpected response with status undefined: {"errno":"ECONNREFUSED","code":"ECONNREFUSED","syscall":"connect","address":"127.0.0.1","port":8200}
[debug] &amp#27;[35m[WD Proxy]&amp#27;[39m Matched '/status' to command name 'getStatus'
[debug] &amp#27;[35m[WD Proxy]&amp#27;[39m Proxying [GET /status] to [GET http://localhost:8200/wd/hub/status] with no body
&amp#27;[35m[WD Proxy]&amp#27;[39m Got an unexpected response with status undefined: {"errno":"ECONNREFUSED","code":"ECONNREFUSED","syscall":"connect","address":"127.0.0.1","port":8200}
[debug] &amp#27;[35m[WD Proxy]&amp#27;[39m Matched '/status' to command name 'getStatus'
[debug] &amp#27;[35m[WD Proxy]&amp#27;[39m Proxying [GET /status] to [GET http://localhost:8200/wd/hub/status] with no body
&amp#27;[35m[WD Proxy]&amp#27;[39m Got an unexpected response with status undefined: {"errno":"ECONNREFUSED","code":"ECONNREFUSED","syscall":"connect","address":"127.0.0.1","port":8200}
[debug] &amp#27;[35m[WD Proxy]&amp#27;[39m Matched '/status' to command name 'getStatus'
[debug] &amp#27;[35m[WD Proxy]&amp#27;[39m Proxying [GET /status] to [GET http://localhost:8200/wd/hub/status] with no body
&amp#27;[35m[WD Proxy]&amp#27;[39m Got an unexpected response with status undefined: {"errno":"ECONNREFUSED","code":"ECONNREFUSED","syscall":"connect","address":"127.0.0.1","port":8200}
[debug] &amp#27;[35m[WD Proxy]&amp#27;[39m Matched '/status' to command name 'getStatus'
[debug] &amp#27;[35m[WD Proxy]&amp#27;[39m Proxying [GET /status] to [GET http://localhost:8200/wd/hub/status] with no body
&amp#27;[35m[WD Proxy]&amp#27;[39m Got an unexpected response with status undefined: {"errno":"ECONNREFUSED","code":"ECONNREFUSED","syscall":"connect","address":"127.0.0.1","port":8200}
[debug] &amp#27;[35m[WD Proxy]&amp#27;[39m Matched '/status' to command name 'getStatus'
[debug] &amp#27;[35m[WD Proxy]&amp#27;[39m Proxying [GET /status] to [GET http://localhost:8200/wd/hub/status] with no body
&amp#27;[35m[WD Proxy]&amp#27;[39m Got an unexpected response with status undefined: {"errno":"ECONNREFUSED","code":"ECONNREFUSED","syscall":"connect","address":"127.0.0.1","port":8200}
[debug] &amp#27;[35m[WD Proxy]&amp#27;[39m Matched '/status' to command name 'getStatus'
[debug] &amp#27;[35m[WD Proxy]&amp#27;[39m Proxying [GET /status] to [GET http://localhost:8200/wd/hub/status] with no body
&amp#27;[35m[WD Proxy]&amp#27;[39m Got an unexpected response with status undefined: {"errno":"ECONNREFUSED","code":"ECONNREFUSED","syscall":"connect","address":"127.0.0.1","port":8200}
[debug] &amp#27;[35m[WD Proxy]&amp#27;[39m Matched '/status' to command name 'getStatus'
[debug] &amp#27;[35m[WD Proxy]&amp#27;[39m Proxying [GET /status] to [GET http://localhost:8200/wd/hub/status] with no body
&amp#27;[35m[WD Proxy]&amp#27;[39m Got an unexpected response with status undefined: {"errno":"ECONNREFUSED","code":"ECONNREFUSED","syscall":"connect","address":"127.0.0.1","port":8200}
[debug] &amp#27;[35m[WD Proxy]&amp#27;[39m Matched '/status' to command name 'getStatus'
[debug] &amp#27;[35m[WD Proxy]&amp#27;[39m Proxying [GET /status] to [GET http://localhost:8200/wd/hub/status] with no body
&amp#27;[35m[WD Proxy]&amp#27;[39m Got an unexpected response with status undefined: {"errno":"ECONNREFUSED","code":"ECONNREFUSED","syscall":"connect","address":"127.0.0.1","port":8200}
[debug] &amp#27;[35m[WD Proxy]&amp#27;[39m Matched '/status' to command name 'getStatus'
[debug] &amp#27;[35m[WD Proxy]&amp#27;[39m Proxying [GET /status] to [GET http://localhost:8200/wd/hub/status] with no body
&amp#27;[35m[WD Proxy]&amp#27;[39m Got an unexpected response with status undefined: {"errno":"ECONNREFUSED","code":"ECONNREFUSED","syscall":"connect","address":"127.0.0.1","port":8200}
[debug] &amp#27;[35m[WD Proxy]&amp#27;[39m Matched '/status' to command name 'getStatus'
[debug] &amp#27;[35m[WD Proxy]&amp#27;[39m Proxying [GET /status] to [GET http://localhost:8200/wd/hub/status] with no body
&amp#27;[35m[WD Proxy]&amp#27;[39m Got an unexpected response with status undefined: {"errno":"ECONNREFUSED","code":"ECONNREFUSED","syscall":"connect","address":"127.0.0.1","port":8200}
[debug] &amp#27;[35m[WD Proxy]&amp#27;[39m Matched '/status' to command name 'getStatus'
[debug] &amp#27;[35m[WD Proxy]&amp#27;[39m Proxying [GET /status] to [GET http://localhost:8200/wd/hub/status] with no body
&amp#27;[35m[WD Proxy]&amp#27;[39m Got an unexpected response with status undefined: {"errno":"ECONNREFUSED","code":"ECONNREFUSED","syscall":"connect","address":"127.0.0.1","port":8200}
[debug] &amp#27;[35m[WD Proxy]&amp#27;[39m Matched '/status' to command name 'getStatus'
[debug] &amp#27;[35m[WD Proxy]&amp#27;[39m Proxying [GET /status] to [GET http://localhost:8200/wd/hub/status] with no body
&amp#27;[35m[WD Proxy]&amp#27;[39m Got an unexpected response with status undefined: {"errno":"ECONNREFUSED","code":"ECONNREFUSED","syscall":"connect","address":"127.0.0.1","port":8200}
[debug] &amp#27;[35m[WD Proxy]&amp#27;[39m Matched '/status' to command name 'getStatus'
[debug] &amp#27;[35m[WD Proxy]&amp#27;[39m Proxying [GET /status] to [GET http://localhost:8200/wd/hub/status] with no body
&amp#27;[35m[WD Proxy]&amp#27;[39m Got an unexpected response with status undefined: {"errno":"ECONNREFUSED","code":"ECONNREFUSED","syscall":"connect","address":"127.0.0.1","port":8200}
[debug] &amp#27;[35m[WD Proxy]&amp#27;[39m Matched '/status' to command name 'getStatus'
[debug] &amp#27;[35m[WD Proxy]&amp#27;[39m Proxying [GET /status] to [GET http://localhost:8200/wd/hub/status] with no body
&amp#27;[35m[WD Proxy]&amp#27;[39m Got an unexpected response with status undefined: {"errno":"ECONNREFUSED","code":"ECONNREFUSED","syscall":"connect","address":"127.0.0.1","port":8200}
[debug] &amp#27;[35m[WD Proxy]&amp#27;[39m Matched '/status' to command name 'getStatus'
[debug] &amp#27;[35m[WD Proxy]&amp#27;[39m Proxying [GET /status] to [GET http://localhost:8200/wd/hub/status] with no body
&amp#27;[35m[WD Proxy]&amp#27;[39m Got an unexpected response with status undefined: {"errno":"ECONNREFUSED","code":"ECONNREFUSED","syscall":"connect","address":"127.0.0.1","port":8200}
[debug] &amp#27;[35m[WD Proxy]&amp#27;[39m Matched '/status' to command name 'getStatus'
[debug] &amp#27;[35m[WD Proxy]&amp#27;[39m Proxying [GET /status] to [GET http://localhost:8200/wd/hub/status] with no body
&amp#27;[35m[WD Proxy]&amp#27;[39m Got an unexpected response with status undefined: {"errno":"ECONNREFUSED","code":"ECONNREFUSED","syscall":"connect","address":"127.0.0.1","port":8200}
[debug] &amp#27;[35m[WD Proxy]&amp#27;[39m Matched '/status' to command name 'getStatus'
[debug] &amp#27;[35m[WD Proxy]&amp#27;[39m Proxying [GET /status] to [GET http://localhost:8200/wd/hub/status] with no body
&amp#27;[35m[WD Proxy]&amp#27;[39m Got an unexpected response with status undefined: {"errno":"ECONNREFUSED","code":"ECONNREFUSED","syscall":"connect","address":"127.0.0.1","port":8200}
[debug] &amp#27;[35m[WD Proxy]&amp#27;[39m Matched '/status' to command name 'getStatus'
[debug] &amp#27;[35m[WD Proxy]&amp#27;[39m Proxying [GET /status] to [GET http://localhost:8200/wd/hub/status] with no body
&amp#27;[35m[WD Proxy]&amp#27;[39m Got an unexpected response with status undefined: {"errno":"ECONNREFUSED","code":"ECONNREFUSED","syscall":"connect","address":"127.0.0.1","port":8200}
[debug] &amp#27;[35m[WD Proxy]&amp#27;[39m Matched '/status' to command name 'getStatus'
[debug] &amp#27;[35m[WD Proxy]&amp#27;[39m Proxying [GET /status] to [GET http://localhost:8200/wd/hub/status] with no body
&amp#27;[35m[WD Proxy]&amp#27;[39m Got an unexpected response with status undefined: {"errno":"ECONNREFUSED","code":"ECONNREFUSED","syscall":"connect","address":"127.0.0.1","port":8200}
[debug] &amp#27;[35m[WD Proxy]&amp#27;[39m Matched '/status' to command name 'getStatus'
[debug] &amp#27;[35m[WD Proxy]&amp#27;[39m Proxying [GET /status] to [GET http://localhost:8200/wd/hub/status] with no body
&amp#27;[35m[WD Proxy]&amp#27;[39m Got an unexpected response with status undefined: {"errno":"ECONNREFUSED","code":"ECONNREFUSED","syscall":"connect","address":"127.0.0.1","port":8200}
[debug] &amp#27;[35m[WD Proxy]&amp#27;[39m Matched '/status' to command name 'getStatus'
[debug] &amp#27;[35m[WD Proxy]&amp#27;[39m Proxying [GET /status] to [GET http://localhost:8200/wd/hub/status] with no body
&amp#27;[35m[WD Proxy]&amp#27;[39m Got an unexpected response with status undefined: {"errno":"ECONNREFUSED","code":"ECONNREFUSED","syscall":"connect","address":"127.0.0.1","port":8200}
[debug] &amp#27;[35m[WD Proxy]&amp#27;[39m Matched '/status' to command name 'getStatus'
[debug] &amp#27;[35m[WD Proxy]&amp#27;[39m Proxying [GET /status] to [GET http://localhost:8200/wd/hub/status] with no body
&amp#27;[35m[WD Proxy]&amp#27;[39m Got an unexpected response with status undefined: {"errno":"ECONNREFUSED","code":"ECONNREFUSED","syscall":"connect","address":"127.0.0.1","port":8200}
[debug] &amp#27;[35m[WD Proxy]&amp#27;[39m Matched '/status' to command name 'getStatus'
[debug] &amp#27;[35m[WD Proxy]&amp#27;[39m Proxying [GET /status] to [GET http://localhost:8200/wd/hub/status] with no body
&amp#27;[35m[WD Proxy]&amp#27;[39m Got an unexpected response with status undefined: {"errno":"ECONNREFUSED","code":"ECONNREFUSED","syscall":"connect","address":"127.0.0.1","port":8200}
[debug] &amp#27;[35m[WD Proxy]&amp#27;[39m Matched '/status' to command name 'getStatus'
[debug] &amp#27;[35m[WD Proxy]&amp#27;[39m Proxying [GET /status] to [GET http://localhost:8200/wd/hub/status] with no body
&amp#27;[35m[WD Proxy]&amp#27;[39m Got an unexpected response with status undefined: {"errno":"ECONNREFUSED","code":"ECONNREFUSED","syscall":"connect","address":"127.0.0.1","port":8200}
[debug] &amp#27;[35m[WD Proxy]&amp#27;[39m Matched '/status' to command name 'getStatus'
[debug] &amp#27;[35m[WD Proxy]&amp#27;[39m Proxying [GET /status] to [GET http://localhost:8200/wd/hub/status] with no body
&amp#27;[35m[WD Proxy]&amp#27;[39m Got an unexpected response with status undefined: {"errno":"ECONNREFUSED","code":"ECONNREFUSED","syscall":"connect","address":"127.0.0.1","port":8200}
&amp#27;[35m[UiAutomator2]&amp#27;[39m Error: The instrumentation process cannot be initialized within 30000ms timeout. Make sure the application under test does not crash and investigate the logcat output. You could also try to increase the value of 'uiautomator2ServerLaunchTimeout' capability. 
&amp#27;[35m[UiAutomator2]&amp#27;[39m     at Object.wrappedLogger.errorAndThrow (/usr/local/lib/node_modules/[debug] &amp#27;[35m[UiAutomator2]&amp#27;[39appium/node_modules/appim Delum-support/libeting /loggingUiAutomator2 s.js:79:13)e
&amp#27;[3ssion
5m[UiAutomator[deb2]&amp#27;[ug] &amp#27;[35m[UiAutomator2]39m     at UiAutomator2&amp#27;[39Server.errorAm Deleting UindThroAutomatorw [as 2 server sesstartSession] (/usr/local/lib/node_modules/appium/nsion
ode_[debugmodules/appiu] &amp#27;[35mm-uiautomator2-driver/lib/uiautomator2.[WD Proxy]&amp#27;[39m js:216Matched '/' t:15)
o command name 'deleteSession'
&amp#27;[35m[UiAutomator2]&amp#27;[39m Did not get confirmation UiAutomator2 deleteSession worked; Error was: UnknownError: An unknown server-side error occurred while processing the command. Original error: Trying to proxy a session command without session id
[debug] &amp#27;[35m[Logcat]&amp#27;[39m Stopping logcat capture
[debug] &amp#27;[35m[ADB]&amp#27;[39m Removing forwarded port socket connection: 8200 
[debug] &amp#27;[35m[ADB]&amp#27;[39m Running '/Users/jqorri/Library/Android/sdk/platform-tools/adb -P 5037 -s 192.168.56.101\:5555 forward --remove tcp\:8200'
&amp#27;[35m[UiAutomator2]&amp#27;[39m Unable to remove port forward 'Error executing adbExec. Original error: 'Command '/Users/jqorri/Library/Android/sdk/platform-tools/adb -P 5037 -s 192.168.56.101\:5555 forward --remove tcp\:8200' exited with code 1'; Stderr: 'adb: error: listener 'tcp:8200' not found'; Code: '1''
[debug] &amp#27;[35m[BaseDriver]&amp#27;[39m Event 'newSessionStarted' logged at 1579729663465 (16:47:43 GMT-0500 (Eastern Standard Time))
[debug] &amp#27;[35m[W3C]&amp#27;[39m Encountered internal error running command: Error: The instrumentation process cannot be initialized within 30000ms timeout. Make sure the application under test does not crash and investigate the logcat output. You could also try to increase the value of 'uiautomator2ServerLaunchTimeout' capability. 
[debug] &amp#27;[35m[W3C]&amp#27;[39m     at Object.wrappedLogger.errorAndThrow (/usr/local/lib/node_modules/appium/node_modules/appium-support/lib/logging.js:79:13)
[debug] &amp#27;[35m[W3C]&amp#27;[39m     at UiAutomator2Server.errorAndThrow [as startSession] (/usr/local/lib/node_modules/appium/node_modules/appium-uiautomator2-driver/lib/uiautomator2.js:216:15)
&amp#27;[35m[HTTP]&amp#27;[39m &amp#27;[37m<-- POST /wd/hub/session &amp#27;[39m&amp#27;[31m500&amp#27;[39m &amp#27;[90m45871 ms - 999&amp#27;[39m
&amp#27;[35m[HTTP]&amp#27;[39m &amp#27;[90m&amp#27;[39m
]]></system-out>
  </testcase>
</testsuite>